#
# A fatal error has been detected by the Java Runtime Environment:
#
#  EXCEPTION_ACCESS_VIOLATION (0xc0000005) at pc=0x617493cd, pid=5184, tid=0x000011f0
#
# JRE version: Java(TM) SE Runtime Environment (8.0_92-b14) (build 1.8.0_92-b14)
# Java VM: Java HotSpot(TM) Client VM (25.92-b14 mixed mode windows-x86 )
# Problematic frame:
# C  [listSerialsj.dll+0x93cd]
#
# Failed to write core dump. Minidumps are not enabled by default on client versions of Windows
#
# If you would like to submit a bug report, please visit:
#   http://bugreport.java.com/bugreport/crash.jsp
# The crash happened outside the Java Virtual Machine in native code.
# See problematic frame for where to report the bug.
#

---------------  T H R E A D  ---------------

Current thread (0x06d4cc00):  JavaThread "cc.arduino.packages.discoverers.serial.SerialBoardsLister" [_thread_in_native, id=4592, stack(0x06480000,0x064d0000)]

siginfo: ExceptionCode=0xc0000005, writing address 0x00000000

Registers:
EAX=0x00000000, EBX=0x00000a6c, ECX=0x00000000, EDX=0x00000001
ESP=0x064ceb30, EBP=0x064cef88, ESI=0x00000001, EDI=0x010365b8
EIP=0x617493cd, EFLAGS=0x00010246

Top of Stack: (sp=0x064ceb30)
0x064ceb30:   08d141f8 0000002e 00000002 00000000
0x064ceb40:   00000003 00000000 00000000 00000000
0x064ceb50:   000003ec 064ced8c 0000006e 74b5a540
0x064ceb60:   010c90e8 004ceb78 01035ca8 0000007e
0x064ceb70:   064cec30 03160088 0000007c 00000002
0x064ceb80:   00000001 0000006e 00000030 0000008c
0x064ceb90:   008cec30 00000000 364d4f43 004cf200
0x064ceba0:   00425355 064cebf4 5ba75f6a 000000c1 

Instructions: (pc=0x617493cd)
0x617493ad:   8b 45 08 8b 90 94 00 00 00 85 d2 74 16 8b 40 2c
0x617493bd:   c7 44 24 04 2e 00 00 00 89 04 24 e8 73 14 00 00
0x617493cd:   c6 00 00 8d 85 04 fc ff ff 89 44 24 18 8d 85 0a
0x617493dd:   fc ff ff 89 44 24 10 a1 e4 01 75 61 c7 85 04 fc 


Register to memory mapping:

EAX=0x00000000 is an unknown value
EBX=0x00000a6c is an unknown value
ECX=0x00000000 is an unknown value
EDX=0x00000001 is an unknown value
ESP=0x064ceb30 is pointing into the stack for thread: 0x06d4cc00
EBP=0x064cef88 is pointing into the stack for thread: 0x06d4cc00
ESI=0x00000001 is an unknown value
EDI=0x010365b8 is an unknown value


Stack: [0x06480000,0x064d0000],  sp=0x064ceb30,  free space=314k
Native frames: (J=compiled Java code, j=interpreted, Vv=VM code, C=native code)
C  [listSerialsj.dll+0x93cd]
C  [listSerialsj.dll+0x2211]

Java frames: (J=compiled Java code, j=interpreted, Vv=VM code)
j  processing.app.Platform.listSerialsNative()[Ljava/lang/String;+0
j  processing.app.Platform.listSerials()Ljava/util/List;+5
j  cc.arduino.packages.discoverers.serial.SerialBoardsLister.retriggerDiscovery(Z)V+22
j  cc.arduino.packages.discoverers.serial.SerialBoardsLister.run()V+9
j  java.util.TimerThread.mainLoop()V+221
j  java.util.TimerThread.run()V+1
v  ~StubRoutines::call_stub

---------------  P R O C E S S  ---------------

Java Threads: ( => current thread )
  0x07377000 JavaThread "JmDNS(DESKTOP-G0HKO1U.local.).Timer" daemon [_thread_blocked, id=7740, stack(0x07930000,0x07980000)]
  0x07375000 JavaThread "JmDNS(DESKTOP-G0HKO1U.local.).State.Timer" [_thread_blocked, id=2676, stack(0x078a0000,0x078f0000)]
  0x07374400 JavaThread "JmDNS(DESKTOP-G0HKO1U.local.).Timer" daemon [_thread_blocked, id=7532, stack(0x06840000,0x06890000)]
  0x07376800 JavaThread "SocketListener(DESKTOP-G0HKO1U.local.)" daemon [_thread_in_native, id=6024, stack(0x029a0000,0x029f0000)]
  0x07375c00 JavaThread "JmDNS(DESKTOP-G0HKO1U.local.).Timer" daemon [_thread_blocked, id=3340, stack(0x028c0000,0x02910000)]
  0x07373000 JavaThread "JmDNS(DESKTOP-G0HKO1U.local.).State.Timer" [_thread_blocked, id=7556, stack(0x00f10000,0x00f60000)]
  0x07372c00 JavaThread "JmDNS(DESKTOP-G0HKO1U.local.).Timer" daemon [_thread_blocked, id=4936, stack(0x00e80000,0x00ed0000)]
  0x07373800 JavaThread "SocketListener(DESKTOP-G0HKO1U.local.)" daemon [_thread_in_native, id=6412, stack(0x00dc0000,0x00e10000)]
  0x07376400 JavaThread "DestroyJavaVM" [_thread_blocked, id=2328, stack(0x02b40000,0x02b90000)]
  0x06e2b000 JavaThread "TimerQueue" daemon [_thread_blocked, id=3840, stack(0x08a10000,0x08a60000)]
  0x06e29800 JavaThread "AWT-EventQueue-0" [_thread_blocked, id=904, stack(0x07b70000,0x07bc0000)]
  0x06e2bc00 JavaThread "AWT-Shutdown" [_thread_blocked, id=5648, stack(0x07ae0000,0x07b30000)]
  0x06e2a400 JavaThread "Batik CleanerThread" daemon [_thread_blocked, id=1280, stack(0x08230000,0x08280000)]
  0x06d52c00 JavaThread "cc.arduino.packages.discoverers.network.BoardReachabilityFilter" [_thread_blocked, id=7008, stack(0x07710000,0x07760000)]
  0x06d51800 JavaThread "cc.arduino.packages.discoverers.network.NetworkChecker" [_thread_blocked, id=7876, stack(0x06660000,0x066b0000)]
=>0x06d4cc00 JavaThread "cc.arduino.packages.discoverers.serial.SerialBoardsLister" [_thread_in_native, id=4592, stack(0x06480000,0x064d0000)]
  0x060af800 JavaThread "AWT-Windows" daemon [_thread_in_native, id=5980, stack(0x06510000,0x06560000)]
  0x06062400 JavaThread "Java2D Disposer" daemon [_thread_blocked, id=5764, stack(0x05ee0000,0x05f30000)]
  0x057e1800 JavaThread "Service Thread" daemon [_thread_blocked, id=6792, stack(0x05dc0000,0x05e10000)]
  0x057ebc00 JavaThread "C1 CompilerThread0" daemon [_thread_blocked, id=5792, stack(0x05d30000,0x05d80000)]
  0x057ea000 JavaThread "Attach Listener" daemon [_thread_blocked, id=6524, stack(0x05ca0000,0x05cf0000)]
  0x057e8000 JavaThread "Signal Dispatcher" daemon [_thread_blocked, id=6048, stack(0x05c10000,0x05c60000)]
  0x057ca000 JavaThread "Finalizer" daemon [_thread_blocked, id=1032, stack(0x05a80000,0x05ad0000)]
  0x057b4400 JavaThread "Reference Handler" daemon [_thread_blocked, id=2484, stack(0x059f0000,0x05a40000)]

Other Threads:
  0x02b3d400 VMThread [stack: 0x05760000,0x057b0000] [id=3452]
  0x057e6000 WatcherThread [stack: 0x05e50000,0x05ea0000] [id=5796]

VM state:not at safepoint (normal execution)

VM Mutex/Monitor currently owned by a thread: None

Heap:
 def new generation   total 39424K, used 5315K [0x10200000, 0x12cc0000, 0x1aca0000)
  eden space 35072K,  13% used [0x10200000, 0x106b5930, 0x12440000)
  from space 4352K,  11% used [0x12880000, 0x128fb3f0, 0x12cc0000)
  to   space 4352K,   0% used [0x12440000, 0x12440000, 0x12880000)
 tenured generation   total 87424K, used 22565K [0x1aca0000, 0x20200000, 0x30200000)
   the space 87424K,  25% used [0x1aca0000, 0x1c2a9788, 0x1c2a9800, 0x20200000)
 Metaspace       used 17873K, capacity 18328K, committed 18432K, reserved 18816K

Card table byte_map: [0x04dc0000,0x04ed0000] byte_map_base: 0x04d3f000

Polling page: 0x010b0000

CodeCache: size=32768Kb used=3737Kb max_used=3739Kb free=29030Kb
 bounds [0x02dc0000, 0x03168000, 0x04dc0000]
 total_blobs=2350 nmethods=2078 adapters=202
 compilation: enabled

Compilation events (10 events):
Event: 7150.554 Thread 0x057ebc00 2098             cc.arduino.contributions.DownloadableContribution::getInstalledFolder (5 bytes)
Event: 7150.554 Thread 0x057ebc00 nmethod 2098 0x03166448 code [0x03166540, 0x031665c0]
Event: 7150.562 Thread 0x057ebc00 2099             java.util.stream.ReferencePipeline::<init> (7 bytes)
Event: 7150.562 Thread 0x057ebc00 nmethod 2099 0x03166608 code [0x03166700, 0x0316679c]
Event: 7152.402 Thread 0x057ebc00 2100             javax.swing.text.DefaultCaret::mouseMoved (1 bytes)
Event: 7152.402 Thread 0x057ebc00 nmethod 2100 0x03166808 code [0x03166900, 0x03166980]
Event: 7167.034 Thread 0x057ebc00 2101             java.util.HashMap$KeySpliterator::forEachRemaining (186 bytes)
Event: 7167.034 Thread 0x057ebc00 nmethod 2101 0x031669c8 code [0x03166b00, 0x03166da4]
Event: 7171.910 Thread 0x057ebc00 2102             java.awt.event.MouseAdapter::mouseMoved (1 bytes)
Event: 7171.910 Thread 0x057ebc00 nmethod 2102 0x03167048 code [0x03167140, 0x031671c0]

GC Heap History (10 events):
Event: 2.524 GC heap before
{Heap before GC invocations=1 (full 0):
 def new generation   total 39296K, used 39296K [0x10200000, 0x12ca0000, 0x1aca0000)
  eden space 34944K, 100% used [0x10200000, 0x12420000, 0x12420000)
  from space 4352K, 100% used [0x12860000, 0x12ca0000, 0x12ca0000)
  to   space 4352K,   0% used [0x12420000, 0x12420000, 0x12860000)
 tenured generation   total 87424K, used 2837K [0x1aca0000, 0x20200000, 0x30200000)
   the space 87424K,   3% used [0x1aca0000, 0x1af65430, 0x1af65600, 0x20200000)
 Metaspace       used 11800K, capacity 12153K, committed 12288K, reserved 12672K
Event: 2.553 GC heap after
Heap after GC invocations=2 (full 0):
 def new generation   total 39296K, used 4352K [0x10200000, 0x12ca0000, 0x1aca0000)
  eden space 34944K,   0% used [0x10200000, 0x10200000, 0x12420000)
  from space 4352K, 100% used [0x12420000, 0x12860000, 0x12860000)
  to   space 4352K,   0% used [0x12860000, 0x12860000, 0x12ca0000)
 tenured generation   total 87424K, used 8623K [0x1aca0000, 0x20200000, 0x30200000)
   the space 87424K,   9% used [0x1aca0000, 0x1b50bc18, 0x1b50be00, 0x20200000)
 Metaspace       used 11800K, capacity 12153K, committed 12288K, reserved 12672K
}
Event: 2.896 GC heap before
{Heap before GC invocations=2 (full 0):
 def new generation   total 39296K, used 10530K [0x10200000, 0x12ca0000, 0x1aca0000)
  eden space 34944K,  17% used [0x10200000, 0x10808920, 0x12420000)
  from space 4352K, 100% used [0x12420000, 0x12860000, 0x12860000)
  to   space 4352K,   0% used [0x12860000, 0x12860000, 0x12ca0000)
 tenured generation   total 87424K, used 8623K [0x1aca0000, 0x20200000, 0x30200000)
   the space 87424K,   9% used [0x1aca0000, 0x1b50bc18, 0x1b50be00, 0x20200000)
 Metaspace       used 11918K, capacity 12262K, committed 12288K, reserved 12672K
Event: 2.930 GC heap after
Heap after GC invocations=3 (full 1):
 def new generation   total 39424K, used 0K [0x10200000, 0x12cc0000, 0x1aca0000)
  eden space 35072K,   0% used [0x10200000, 0x10200000, 0x12440000)
  from space 4352K,   0% used [0x12440000, 0x12440000, 0x12880000)
  to   space 4352K,   0% used [0x12880000, 0x12880000, 0x12cc0000)
 tenured generation   total 87424K, used 13525K [0x1aca0000, 0x20200000, 0x30200000)
   the space 87424K,  15% used [0x1aca0000, 0x1b9d57f8, 0x1b9d5800, 0x20200000)
 Metaspace       used 11918K, capacity 12262K, committed 12288K, reserved 12672K
}
Event: 4.167 GC heap before
{Heap before GC invocations=3 (full 1):
 def new generation   total 39424K, used 33827K [0x10200000, 0x12cc0000, 0x1aca0000)
  eden space 35072K,  96% used [0x10200000, 0x12308d78, 0x12440000)
  from space 4352K,   0% used [0x12440000, 0x12440000, 0x12880000)
  to   space 4352K,   0% used [0x12880000, 0x12880000, 0x12cc0000)
 tenured generation   total 87424K, used 13525K [0x1aca0000, 0x20200000, 0x30200000)
   the space 87424K,  15% used [0x1aca0000, 0x1b9d57f8, 0x1b9d5800, 0x20200000)
 Metaspace       used 17212K, capacity 17630K, committed 17792K, reserved 17792K
Event: 4.189 GC heap after
Heap after GC invocations=4 (full 1):
 def new generation   total 39424K, used 4352K [0x10200000, 0x12cc0000, 0x1aca0000)
  eden space 35072K,   0% used [0x10200000, 0x10200000, 0x12440000)
  from space 4352K, 100% used [0x12880000, 0x12cc0000, 0x12cc0000)
  to   space 4352K,   0% used [0x12440000, 0x12440000, 0x12880000)
 tenured generation   total 87424K, used 15100K [0x1aca0000, 0x20200000, 0x30200000)
   the space 87424K,  17% used [0x1aca0000, 0x1bb5f210, 0x1bb5f400, 0x20200000)
 Metaspace       used 17212K, capacity 17630K, committed 17792K, reserved 17792K
}
Event: 6900.515 GC heap before
{Heap before GC invocations=4 (full 1):
 def new generation   total 39424K, used 39424K [0x10200000, 0x12cc0000, 0x1aca0000)
  eden space 35072K, 100% used [0x10200000, 0x12440000, 0x12440000)
  from space 4352K, 100% used [0x12880000, 0x12cc0000, 0x12cc0000)
  to   space 4352K,   0% used [0x12440000, 0x12440000, 0x12880000)
 tenured generation   total 87424K, used 15100K [0x1aca0000, 0x20200000, 0x30200000)
   the space 87424K,  17% used [0x1aca0000, 0x1bb5f210, 0x1bb5f400, 0x20200000)
 Metaspace       used 17871K, capacity 18328K, committed 18432K, reserved 18816K
Event: 6900.530 GC heap after
Heap after GC invocations=5 (full 1):
 def new generation   total 39424K, used 2298K [0x10200000, 0x12cc0000, 0x1aca0000)
  eden space 35072K,   0% used [0x10200000, 0x10200000, 0x12440000)
  from space 4352K,  52% used [0x12440000, 0x1267ebc8, 0x12880000)
  to   space 4352K,   0% used [0x12880000, 0x12880000, 0x12cc0000)
 tenured generation   total 87424K, used 21243K [0x1aca0000, 0x20200000, 0x30200000)
   the space 87424K,  24% used [0x1aca0000, 0x1c15eeb0, 0x1c15f000, 0x20200000)
 Metaspace       used 17871K, capacity 18328K, committed 18432K, reserved 18816K
}
Event: 7089.462 GC heap before
{Heap before GC invocations=5 (full 1):
 def new generation   total 39424K, used 37370K [0x10200000, 0x12cc0000, 0x1aca0000)
  eden space 35072K, 100% used [0x10200000, 0x12440000, 0x12440000)
  from space 4352K,  52% used [0x12440000, 0x1267ebc8, 0x12880000)
  to   space 4352K,   0% used [0x12880000, 0x12880000, 0x12cc0000)
 tenured generation   total 87424K, used 21243K [0x1aca0000, 0x20200000, 0x30200000)
   the space 87424K,  24% used [0x1aca0000, 0x1c15eeb0, 0x1c15f000, 0x20200000)
 Metaspace       used 17873K, capacity 18328K, committed 18432K, reserved 18816K
Event: 7089.468 GC heap after
Heap after GC invocations=6 (full 1):
 def new generation   total 39424K, used 492K [0x10200000, 0x12cc0000, 0x1aca0000)
  eden space 35072K,   0% used [0x10200000, 0x10200000, 0x12440000)
  from space 4352K,  11% used [0x12880000, 0x128fb3f0, 0x12cc0000)
  to   space 4352K,   0% used [0x12440000, 0x12440000, 0x12880000)
 tenured generation   total 87424K, used 22565K [0x1aca0000, 0x20200000, 0x30200000)
   the space 87424K,  25% used [0x1aca0000, 0x1c2a9788, 0x1c2a9800, 0x20200000)
 Metaspace       used 17873K, capacity 18328K, committed 18432K, reserved 18816K
}

Deoptimization events (0 events):
No events

Internal exceptions (10 events):
Event: 7150.577 Thread 0x07377800 Exception <a 'sun/nio/fs/WindowsException'> (0x105ae878) thrown at [C:\workspace\8-2-build-windows-i586-cygwin\jdk8u92\6642\hotspot\src\share\vm\prims\jni.cpp, line 709]
Event: 7150.577 Thread 0x07377800 Exception <a 'sun/nio/fs/WindowsException'> (0x105aee98) thrown at [C:\workspace\8-2-build-windows-i586-cygwin\jdk8u92\6642\hotspot\src\share\vm\prims\jni.cpp, line 709]
Event: 7150.578 Thread 0x07377800 Exception <a 'sun/nio/fs/WindowsException'> (0x105b8b40) thrown at [C:\workspace\8-2-build-windows-i586-cygwin\jdk8u92\6642\hotspot\src\share\vm\prims\jni.cpp, line 709]
Event: 7150.579 Thread 0x07377800 Exception <a 'sun/nio/fs/WindowsException'> (0x105b9138) thrown at [C:\workspace\8-2-build-windows-i586-cygwin\jdk8u92\6642\hotspot\src\share\vm\prims\jni.cpp, line 709]
Event: 7150.579 Thread 0x07377800 Exception <a 'sun/nio/fs/WindowsException'> (0x105c3740) thrown at [C:\workspace\8-2-build-windows-i586-cygwin\jdk8u92\6642\hotspot\src\share\vm\prims\jni.cpp, line 709]
Event: 7150.579 Thread 0x07377800 Exception <a 'sun/nio/fs/WindowsException'> (0x105c3db0) thrown at [C:\workspace\8-2-build-windows-i586-cygwin\jdk8u92\6642\hotspot\src\share\vm\prims\jni.cpp, line 709]
Event: 7150.580 Thread 0x07377800 Exception <a 'sun/nio/fs/WindowsException'> (0x105cdfb0) thrown at [C:\workspace\8-2-build-windows-i586-cygwin\jdk8u92\6642\hotspot\src\share\vm\prims\jni.cpp, line 709]
Event: 7150.580 Thread 0x07377800 Exception <a 'sun/nio/fs/WindowsException'> (0x105ce5b8) thrown at [C:\workspace\8-2-build-windows-i586-cygwin\jdk8u92\6642\hotspot\src\share\vm\prims\jni.cpp, line 709]
Event: 7150.581 Thread 0x07377800 Exception <a 'sun/nio/fs/WindowsException'> (0x105d8528) thrown at [C:\workspace\8-2-build-windows-i586-cygwin\jdk8u92\6642\hotspot\src\share\vm\prims\jni.cpp, line 709]
Event: 7150.581 Thread 0x07377800 Exception <a 'sun/nio/fs/WindowsException'> (0x105d8b30) thrown at [C:\workspace\8-2-build-windows-i586-cygwin\jdk8u92\6642\hotspot\src\share\vm\prims\jni.cpp, line 709]

Events (10 events):
Event: 7089.472 Executing VM operation: BulkRevokeBias
Event: 7089.472 Executing VM operation: BulkRevokeBias done
Event: 7150.590 Executing VM operation: RevokeBias
Event: 7150.591 Executing VM operation: RevokeBias done
Event: 7150.591 Thread 0x07377800 Thread exited: 0x07377800
Event: 7151.494 Executing VM operation: RevokeBias
Event: 7151.495 Executing VM operation: RevokeBias done
Event: 7151.495 Thread 0x07374c00 Thread exited: 0x07374c00
Event: 7151.495 Thread 0x07370000 Thread exited: 0x07370000
Event: 7171.911 Thread 0x057ebc00 flushing nmethod 0x03158388


Dynamic libraries:
0x012f0000 - 0x01323000 	C:\Program Files (x86)\Arduino\java\bin\javaw.exe
0x776c0000 - 0x7783b000 	C:\Windows\SYSTEM32\ntdll.dll
0x77330000 - 0x77410000 	C:\Windows\SYSTEM32\KERNEL32.DLL
0x74f90000 - 0x7510e000 	C:\Windows\SYSTEM32\KERNELBASE.dll
0x76ca0000 - 0x76d1b000 	C:\Windows\SYSTEM32\ADVAPI32.dll
0x751c0000 - 0x7527e000 	C:\Windows\SYSTEM32\msvcrt.dll
0x74f40000 - 0x74f84000 	C:\Windows\SYSTEM32\sechost.dll
0x77410000 - 0x774bd000 	C:\Windows\SYSTEM32\RPCRT4.dll
0x743f0000 - 0x7440e000 	C:\Windows\SYSTEM32\SspiCli.dll
0x743e0000 - 0x743ea000 	C:\Windows\SYSTEM32\CRYPTBASE.dll
0x76770000 - 0x767c8000 	C:\Windows\SYSTEM32\bcryptPrimitives.dll
0x76ee0000 - 0x77027000 	C:\Windows\SYSTEM32\USER32.dll
0x76950000 - 0x76a9f000 	C:\Windows\SYSTEM32\GDI32.dll
0x71f40000 - 0x7214f000 	C:\Windows\WinSxS\x86_microsoft.windows.common-controls_6595b64144ccf1df_6.0.10586.589_none_ea8aeaa1b9b5d5d4\COMCTL32.dll
0x76d20000 - 0x76edd000 	C:\Windows\SYSTEM32\combase.dll
0x77520000 - 0x7754b000 	C:\Windows\SYSTEM32\IMM32.DLL
0x5c6b0000 - 0x5c76f000 	C:\Program Files (x86)\Arduino\java\bin\msvcr100.dll
0x5ba60000 - 0x5be2b000 	C:\Program Files (x86)\Arduino\java\bin\client\jvm.dll
0x77280000 - 0x77286000 	C:\Windows\SYSTEM32\PSAPI.DLL
0x70410000 - 0x70418000 	C:\Windows\SYSTEM32\WSOCK32.dll
0x75280000 - 0x752df000 	C:\Windows\SYSTEM32\WS2_32.dll
0x73c90000 - 0x73cb4000 	C:\Windows\SYSTEM32\WINMM.dll
0x71c40000 - 0x71c48000 	C:\Windows\SYSTEM32\VERSION.dll
0x01260000 - 0x01283000 	C:\Windows\SYSTEM32\WINMMBASE.dll
0x74af0000 - 0x74b27000 	C:\Windows\SYSTEM32\cfgmgr32.dll
0x5c670000 - 0x5c6a1000 	C:\Program Files (x86)\Arduino\java\bin\splashscreen.dll
0x73e90000 - 0x73f05000 	C:\Windows\system32\uxtheme.dll
0x609a0000 - 0x609ac000 	C:\Program Files (x86)\Arduino\java\bin\verify.dll
0x744d0000 - 0x745ef000 	C:\Windows\SYSTEM32\MSCTF.dll
0x5d150000 - 0x5d171000 	C:\Program Files (x86)\Arduino\java\bin\java.dll
0x10000000 - 0x10039000 	C:\Program Files (x86)\Samsung\Settings\CmdServer\WinCRT.dll
0x77030000 - 0x77075000 	C:\Windows\SYSTEM32\SHLWAPI.dll
0x771e0000 - 0x77275000 	C:\Windows\SYSTEM32\OLEAUT32.dll
0x73ff0000 - 0x74057000 	C:\Windows\SYSTEM32\WINSPOOL.DRV
0x73fd0000 - 0x73feb000 	C:\Windows\SYSTEM32\bcrypt.dll
0x60930000 - 0x60943000 	C:\Program Files (x86)\Arduino\java\bin\zip.dll
0x76c00000 - 0x76c0c000 	C:\Windows\SYSTEM32\kernel.appcore.dll
0x75370000 - 0x7676e000 	C:\Windows\SYSTEM32\SHELL32.dll
0x745f0000 - 0x74aea000 	C:\Windows\SYSTEM32\windows.storage.dll
0x752e0000 - 0x7536d000 	C:\Windows\SYSTEM32\shcore.dll
0x76c30000 - 0x76c74000 	C:\Windows\SYSTEM32\powrprof.dll
0x75120000 - 0x7512f000 	C:\Windows\SYSTEM32\profapi.dll
0x770f0000 - 0x771db000 	C:\Windows\SYSTEM32\ole32.dll
0x75130000 - 0x751b4000 	C:\Windows\SYSTEM32\clbcatq.dll
0x5c4c0000 - 0x5c605000 	C:\Program Files (x86)\Arduino\java\bin\awt.dll
0x74340000 - 0x743d2000 	C:\Windows\system32\apphelp.dll
0x73c00000 - 0x73c1d000 	C:\Windows\system32\dwmapi.dll
0x61740000 - 0x6176c000 	C:\Program Files (x86)\Arduino\lib\listSerialsj.dll
0x74b30000 - 0x74f3b000 	C:\Windows\SYSTEM32\SETUPAPI.dll
0x68c10000 - 0x68c23000 	C:\Windows\SYSTEM32\CRYPTSP.dll
0x66490000 - 0x664bf000 	C:\Windows\system32\rsaenh.dll
0x74080000 - 0x74099000 	C:\Windows\SYSTEM32\USERENV.dll
0x5c650000 - 0x5c666000 	C:\Program Files (x86)\Arduino\java\bin\net.dll
0x6e820000 - 0x6e86f000 	C:\Windows\system32\mswsock.dll
0x734f0000 - 0x7351f000 	C:\Windows\SYSTEM32\IPHLPAPI.DLL
0x76c10000 - 0x76c17000 	C:\Windows\SYSTEM32\NSI.dll
0x734d0000 - 0x734e3000 	C:\Windows\SYSTEM32\dhcpcsvc6.DLL
0x734b0000 - 0x734c4000 	C:\Windows\SYSTEM32\dhcpcsvc.DLL
0x5c640000 - 0x5c64f000 	C:\Program Files (x86)\Arduino\java\bin\nio.dll
0x066c0000 - 0x066fd000 	C:\Users\Nuno\AppData\Local\Temp\jna-2439656\jna8259761748810229030.dll
0x5c480000 - 0x5c4b9000 	C:\Program Files (x86)\Arduino\java\bin\fontmanager.dll
0x5c440000 - 0x5c472000 	C:\Program Files (x86)\Arduino\java\bin\t2k.dll
0x70bb0000 - 0x70bd2000 	C:\Windows\SYSTEM32\DEVOBJ.dll
0x77080000 - 0x770c2000 	C:\Windows\SYSTEM32\WINTRUST.dll
0x76c20000 - 0x76c2e000 	C:\Windows\SYSTEM32\MSASN1.dll
0x767d0000 - 0x76949000 	C:\Windows\SYSTEM32\CRYPT32.dll
0x6e870000 - 0x6e8f4000 	C:\Windows\SYSTEM32\DNSAPI.dll
0x6c350000 - 0x6c358000 	C:\Windows\System32\rasadhlp.dll
0x68b00000 - 0x68b47000 	C:\Windows\System32\fwpuclnt.dll
0x5c3d0000 - 0x5c439000 	C:\Program Files (x86)\Arduino\msvcp100.dll
0x5c310000 - 0x5c3ce000 	C:\Program Files (x86)\Arduino\msvcr100.dll
0x07f00000 - 0x07f32000 	C:\Program Files (x86)\Arduino\lib\AStylej.dll
0x5ba30000 - 0x5ba54000 	C:\Program Files (x86)\Arduino\java\bin\dcpr.dll
0x704c0000 - 0x70633000 	C:\Windows\SYSTEM32\WindowsCodecs.dll
0x6c5a0000 - 0x6c5e1000 	C:\Windows\system32\dataexchange.dll
0x6e230000 - 0x6e44a000 	C:\Windows\system32\d3d11.dll
0x6c5f0000 - 0x6c697000 	C:\Windows\system32\dcomp.dll
0x6e1a0000 - 0x6e222000 	C:\Windows\system32\dxgi.dll
0x70120000 - 0x701ee000 	C:\Windows\system32\twinapi.appcore.dll
0x64000000 - 0x6401b000 	C:\Users\Nuno\.jssc\windows\jSSC-2.8_x86.dll
0x6e930000 - 0x6ea6f000 	C:\Windows\SYSTEM32\dbghelp.dll

VM Arguments:
jvm_args: -Dsun.java2d.d3d=false -Djna.nosys=true -DAPP_DIR=C:\Program Files (x86)\Arduino -Xms128M -Xmx512M 
java_command: processing.app.Base C:\Users\Nuno\Dropbox\PixelsCamp2016-SlotCar\HW\Arduino_Nuno\slot_car_ctrl\slot_car_ctrl.ino
java_class_path (initial): C:\Program Files (x86)\Arduino\lib\apple.jar;C:\Program Files (x86)\Arduino\lib\arduino-core.jar;C:\Program Files (x86)\Arduino\lib\batik-1.8.jar;C:\Program Files (x86)\Arduino\lib\batik-anim-1.8.jar;C:\Program Files (x86)\Arduino\lib\batik-awt-util-1.8.jar;C:\Program Files (x86)\Arduino\lib\batik-bridge-1.8.jar;C:\Program Files (x86)\Arduino\lib\batik-codec-1.8.jar;C:\Program Files (x86)\Arduino\lib\batik-css-1.8.jar;C:\Program Files (x86)\Arduino\lib\batik-dom-1.8.jar;C:\Program Files (x86)\Arduino\lib\batik-ext-1.8.jar;C:\Program Files (x86)\Arduino\lib\batik-gvt-1.8.jar;C:\Program Files (x86)\Arduino\lib\batik-parser-1.8.jar;C:\Program Files (x86)\Arduino\lib\batik-rasterizer-1.8.jar;C:\Program Files (x86)\Arduino\lib\batik-script-1.8.jar;C:\Program Files (x86)\Arduino\lib\batik-squiggle-1.8.jar;C:\Program Files (x86)\Arduino\lib\batik-svg-dom-1.8.jar;C:\Program Files (x86)\Arduino\lib\batik-svgpp-1.8.jar;C:\Program Files (x86)\Arduino\lib\batik-transcoder-1.8.jar;C:\Program Files (x86)\Arduino\lib\batik-util-1.8.jar;C:\Program Files (x86)\Arduino\lib\batik-xml-1.8.jar;C:\Program Files (x86)\Arduino\lib\bcpg-jdk15on-152.jar;C:\Program Files (x86)\Arduino\lib\bcprov-jdk15on-152.jar;C:\Program Files (x86)\Arduino\lib\commons-codec-1.7.jar;C:\Program Files (x86)\Arduino\lib\commons-compress-1.8.jar;C:\Program Files (x86)\Arduino\lib\commons-exec-1.1.jar;C:\Program Files (x86)\Arduino\lib\commons-httpclient-3.1.jar;C:\Program Files (x86)\Arduino\lib\commons-lang3-3.3.2.jar;C:\Program Files (x86)\Arduino\lib\commons-logging-1.0.4.jar;C:\Program Files (x86)\Arduino\lib\commons-net-3.3.jar;C:\Program Files (x86)\Arduino\lib\jackson-annotations-2.6.3.jar;C:\Program Files (x86)\Arduino\lib\jackson-core-2.6.3.jar;C:\Program Files (x86)\Arduino\lib\jackson-databind-2.6.3.jar;C:\Program Files (x86)\Arduino\lib\jackson-module-mrbean-2.6.3.jar;C:\Program Files (x86)\Arduino\lib\java-semver-0.8.0.jar;C:\Program Files (x86)\Arduino\lib\jmdns-3.4.1.j
Launcher Type: SUN_STANDARD

Environment Variables:
PATH=C:\Windows\system32;C:\Windows;C:\Windows\System32\Wbem;C:\Windows\System32\WindowsPowerShell\v1.0\;C:\Program Files (x86)\ATI Technologies\ATI.ACE\Core-Static;C:\Program Files (x86)\Skype\Phone\;C:\Program Files\Crucial\Crucial Storage Executive;C:\Program Files (x86)\Arduino\java\bin
USERNAME=Nuno
OS=Windows_NT
PROCESSOR_IDENTIFIER=Intel64 Family 6 Model 42 Stepping 7, GenuineIntel



---------------  S Y S T E M  ---------------

OS: Windows 10.0 , 64 bit Build 10586 (10.0.10586.589)

CPU:total 4 (2 cores per cpu, 2 threads per core) family 6 model 42 stepping 7, cmov, cx8, fxsr, mmx, sse, sse2, sse3, ssse3, sse4.1, sse4.2, popcnt, avx, aes, clmul, ht, tsc, tscinvbit

Memory: 4k page, physical 6183156k(2923700k free), swap 7166196k(3401932k free)

vm_info: Java HotSpot(TM) Client VM (25.92-b14) for windows-x86 JRE (1.8.0_92-b14), built on Mar 31 2016 21:09:21 by "java_re" with MS VC++ 10.0 (VS2010)

time: Fri Oct 07 23:57:53 2016
elapsed time: 7174 seconds (0d 1h 59m 34s)

