#
# A fatal error has been detected by the Java Runtime Environment:
#
#  EXCEPTION_ACCESS_VIOLATION (0xc0000005) at pc=0x617493cd, pid=4684, tid=0x0000068c
#
# JRE version: Java(TM) SE Runtime Environment (8.0_92-b14) (build 1.8.0_92-b14)
# Java VM: Java HotSpot(TM) Client VM (25.92-b14 mixed mode windows-x86 )
# Problematic frame:
# C  [listSerialsj.dll+0x93cd]
#
# Failed to write core dump. Minidumps are not enabled by default on client versions of Windows
#
# If you would like to submit a bug report, please visit:
#   http://bugreport.java.com/bugreport/crash.jsp
# The crash happened outside the Java Virtual Machine in native code.
# See problematic frame for where to report the bug.
#

---------------  T H R E A D  ---------------

Current thread (0x0688b000):  JavaThread "cc.arduino.packages.discoverers.serial.SerialBoardsLister" [_thread_in_native, id=1676, stack(0x05ac0000,0x05b10000)]

siginfo: ExceptionCode=0xc0000005, writing address 0x00000000

Registers:
EAX=0x00000000, EBX=0x00000b58, ECX=0x00000000, EDX=0x00000001
ESP=0x05b0ed80, EBP=0x05b0f1d8, ESI=0x00000001, EDI=0x00863cf8
EIP=0x617493cd, EFLAGS=0x00010246

Top of Stack: (sp=0x05b0ed80)
0x05b0ed80:   004f2558 0000002e 00000002 00000000
0x05b0ed90:   00000003 00000000 00000000 00000000
0x05b0eda0:   00000002 08550850 0000006e 74b5a540
0x05b0edb0:   082d5448 00227485 00864438 00000080
0x05b0edc0:   7521bff0 00000007 0000007d 00000002
0x05b0edd0:   00000001 0000006e 00000031 0000008c
0x05b0ede0:   008cedcc 00000000 384d4f43 0021d100
0x05b0edf0:   00425355 fffffffe 7521bfe5 617419bf 

Instructions: (pc=0x617493cd)
0x617493ad:   8b 45 08 8b 90 94 00 00 00 85 d2 74 16 8b 40 2c
0x617493bd:   c7 44 24 04 2e 00 00 00 89 04 24 e8 73 14 00 00
0x617493cd:   c6 00 00 8d 85 04 fc ff ff 89 44 24 18 8d 85 0a
0x617493dd:   fc ff ff 89 44 24 10 a1 e4 01 75 61 c7 85 04 fc 


Register to memory mapping:

EAX=0x00000000 is an unknown value
EBX=0x00000b58 is an unknown value
ECX=0x00000000 is an unknown value
EDX=0x00000001 is an unknown value
ESP=0x05b0ed80 is pointing into the stack for thread: 0x0688b000
EBP=0x05b0f1d8 is pointing into the stack for thread: 0x0688b000
ESI=0x00000001 is an unknown value
EDI=0x00863cf8 is an unknown value


Stack: [0x05ac0000,0x05b10000],  sp=0x05b0ed80,  free space=315k
Native frames: (J=compiled Java code, j=interpreted, Vv=VM code, C=native code)
C  [listSerialsj.dll+0x93cd]
C  [listSerialsj.dll+0x2211]

Java frames: (J=compiled Java code, j=interpreted, Vv=VM code)
j  processing.app.Platform.listSerialsNative()[Ljava/lang/String;+0
j  processing.app.Platform.listSerials()Ljava/util/List;+5
j  cc.arduino.packages.discoverers.serial.SerialBoardsLister.retriggerDiscovery(Z)V+22
j  cc.arduino.packages.discoverers.serial.SerialBoardsLister.run()V+9
j  java.util.TimerThread.mainLoop()V+221
j  java.util.TimerThread.run()V+1
v  ~StubRoutines::call_stub

---------------  P R O C E S S  ---------------

Java Threads: ( => current thread )
  0x06a05400 JavaThread "DestroyJavaVM" [_thread_blocked, id=2004, stack(0x00d50000,0x00da0000)]
  0x06a06800 JavaThread "TimerQueue" daemon [_thread_blocked, id=7680, stack(0x08610000,0x08660000)]
  0x06a0a000 JavaThread "AWT-EventQueue-0" [_thread_blocked, id=6508, stack(0x07aa0000,0x07af0000)]
  0x06a04000 JavaThread "AWT-Shutdown" [_thread_blocked, id=7444, stack(0x07a10000,0x07a60000)]
  0x06a07800 JavaThread "Batik CleanerThread" daemon [_thread_blocked, id=5128, stack(0x075a0000,0x075f0000)]
  0x06924c00 JavaThread "JmDNS(DESKTOP-G0HKO1U.local.).Timer" daemon [_thread_blocked, id=7912, stack(0x073f0000,0x07440000)]
  0x06924000 JavaThread "JmDNS(DESKTOP-G0HKO1U.local.).State.Timer" [_thread_blocked, id=5016, stack(0x07360000,0x073b0000)]
  0x06924800 JavaThread "JmDNS(DESKTOP-G0HKO1U.local.).Timer" daemon [_thread_blocked, id=5372, stack(0x072d0000,0x07320000)]
  0x06922800 JavaThread "SocketListener(DESKTOP-G0HKO1U.local.)" daemon [_thread_in_native, id=7648, stack(0x07240000,0x07290000)]
  0x06923400 JavaThread "JmDNS(DESKTOP-G0HKO1U.local.).Timer" daemon [_thread_blocked, id=7352, stack(0x06490000,0x064e0000)]
  0x06922000 JavaThread "JmDNS(DESKTOP-G0HKO1U.local.).State.Timer" [_thread_blocked, id=4268, stack(0x06400000,0x06450000)]
  0x06922c00 JavaThread "JmDNS(DESKTOP-G0HKO1U.local.).Timer" daemon [_thread_blocked, id=6908, stack(0x06260000,0x062b0000)]
  0x06923c00 JavaThread "SocketListener(DESKTOP-G0HKO1U.local.)" daemon [_thread_in_native, id=4472, stack(0x060c0000,0x06110000)]
  0x06890400 JavaThread "cc.arduino.packages.discoverers.network.BoardReachabilityFilter" [_thread_blocked, id=7596, stack(0x05f70000,0x05fc0000)]
  0x06890000 JavaThread "cc.arduino.packages.discoverers.network.NetworkChecker" [_thread_blocked, id=7624, stack(0x05ee0000,0x05f30000)]
=>0x0688b000 JavaThread "cc.arduino.packages.discoverers.serial.SerialBoardsLister" [_thread_in_native, id=1676, stack(0x05ac0000,0x05b10000)]
  0x05621400 JavaThread "AWT-Windows" daemon [_thread_in_native, id=5932, stack(0x05b50000,0x05ba0000)]
  0x05620800 JavaThread "Java2D Disposer" daemon [_thread_blocked, id=7992, stack(0x05a30000,0x05a80000)]
  0x04f27800 JavaThread "Service Thread" daemon [_thread_blocked, id=4232, stack(0x05410000,0x05460000)]
  0x04f0ac00 JavaThread "C1 CompilerThread0" daemon [_thread_blocked, id=7540, stack(0x05380000,0x053d0000)]
  0x04f09000 JavaThread "Attach Listener" daemon [_thread_blocked, id=7864, stack(0x052f0000,0x05340000)]
  0x04f07000 JavaThread "Signal Dispatcher" daemon [_thread_blocked, id=856, stack(0x011e0000,0x01230000)]
  0x04eea000 JavaThread "Finalizer" daemon [_thread_blocked, id=2304, stack(0x05160000,0x051b0000)]
  0x04ed4400 JavaThread "Reference Handler" daemon [_thread_blocked, id=3620, stack(0x050d0000,0x05120000)]

Other Threads:
  0x00c6d400 VMThread [stack: 0x01240000,0x01290000] [id=3728]
  0x04f13c00 WatcherThread [stack: 0x054a0000,0x054f0000] [id=4276]

VM state:not at safepoint (normal execution)

VM Mutex/Monitor currently owned by a thread: None

Heap:
 def new generation   total 39424K, used 34382K [0x10200000, 0x12cc0000, 0x1aca0000)
  eden space 35072K,  95% used [0x10200000, 0x122b6d00, 0x12440000)
  from space 4352K,  20% used [0x12440000, 0x1251cdb0, 0x12880000)
  to   space 4352K,   0% used [0x12880000, 0x12880000, 0x12cc0000)
 tenured generation   total 87424K, used 24547K [0x1aca0000, 0x20200000, 0x30200000)
   the space 87424K,  28% used [0x1aca0000, 0x1c498c78, 0x1c498e00, 0x20200000)
 Metaspace       used 18208K, capacity 18687K, committed 18816K, reserved 18816K

Card table byte_map: [0x00fe0000,0x010f0000] byte_map_base: 0x00f5f000

Polling page: 0x00a90000

CodeCache: size=32768Kb used=2401Kb max_used=3912Kb free=30366Kb
 bounds [0x02730000, 0x02b08000, 0x04730000]
 total_blobs=1428 nmethods=1153 adapters=205
 compilation: enabled

Compilation events (10 events):
Event: 1335.834 Thread 0x04f0ac00 2818             sun.java2d.StateTrackableDelegate::markDirty (6 bytes)
Event: 1335.834 Thread 0x04f0ac00 nmethod 2818 0x02a85a48 code [0x02a85b40, 0x02a85bd0]
Event: 1339.840 Thread 0x04f0ac00 2819             sun.java2d.SurfaceData::markDirty (8 bytes)
Event: 1339.840 Thread 0x04f0ac00 nmethod 2819 0x02a85848 code [0x02a85940, 0x02a859d0]
Event: 1343.344 Thread 0x04f0ac00 2820             java.util.HashMap$KeyIterator::<init> (11 bytes)
Event: 1343.344 Thread 0x04f0ac00 nmethod 2820 0x02a81688 code [0x02a81780, 0x02a8181c]
Event: 1348.351 Thread 0x04f0ac00 2821             sun.java2d.pipe.Region::getIntersection (132 bytes)
Event: 1348.352 Thread 0x04f0ac00 nmethod 2821 0x02a81248 code [0x02a81370, 0x02a81574]
Event: 1349.140 Thread 0x04f0ac00 2822   !         java.awt.Container::findComponentAt (42 bytes)
Event: 1349.140 Thread 0x04f0ac00 nmethod 2822 0x02a80d48 code [0x02a80e70, 0x02a81118]

GC Heap History (10 events):
Event: 2.856 GC heap before
{Heap before GC invocations=2 (full 0):
 def new generation   total 39296K, used 11327K [0x10200000, 0x12ca0000, 0x1aca0000)
  eden space 34944K,  19% used [0x10200000, 0x108cfd28, 0x12420000)
  from space 4352K, 100% used [0x12420000, 0x12860000, 0x12860000)
  to   space 4352K,   0% used [0x12860000, 0x12860000, 0x12ca0000)
 tenured generation   total 87424K, used 8489K [0x1aca0000, 0x20200000, 0x30200000)
   the space 87424K,   9% used [0x1aca0000, 0x1b4ea478, 0x1b4ea600, 0x20200000)
 Metaspace       used 11917K, capacity 12262K, committed 12288K, reserved 12672K
Event: 2.890 GC heap after
Heap after GC invocations=3 (full 1):
 def new generation   total 39424K, used 0K [0x10200000, 0x12cc0000, 0x1aca0000)
  eden space 35072K,   0% used [0x10200000, 0x10200000, 0x12440000)
  from space 4352K,   0% used [0x12440000, 0x12440000, 0x12880000)
  to   space 4352K,   0% used [0x12880000, 0x12880000, 0x12cc0000)
 tenured generation   total 87424K, used 13483K [0x1aca0000, 0x20200000, 0x30200000)
   the space 87424K,  15% used [0x1aca0000, 0x1b9cafd0, 0x1b9cb000, 0x20200000)
 Metaspace       used 11917K, capacity 12262K, committed 12288K, reserved 12672K
}
Event: 4.493 GC heap before
{Heap before GC invocations=3 (full 1):
 def new generation   total 39424K, used 34208K [0x10200000, 0x12cc0000, 0x1aca0000)
  eden space 35072K,  97% used [0x10200000, 0x123683a8, 0x12440000)
  from space 4352K,   0% used [0x12440000, 0x12440000, 0x12880000)
  to   space 4352K,   0% used [0x12880000, 0x12880000, 0x12cc0000)
 tenured generation   total 87424K, used 13483K [0x1aca0000, 0x20200000, 0x30200000)
   the space 87424K,  15% used [0x1aca0000, 0x1b9cafd0, 0x1b9cb000, 0x20200000)
 Metaspace       used 17283K, capacity 17694K, committed 17792K, reserved 17792K
Event: 4.512 GC heap after
Heap after GC invocations=4 (full 1):
 def new generation   total 39424K, used 4352K [0x10200000, 0x12cc0000, 0x1aca0000)
  eden space 35072K,   0% used [0x10200000, 0x10200000, 0x12440000)
  from space 4352K, 100% used [0x12880000, 0x12cc0000, 0x12cc0000)
  to   space 4352K,   0% used [0x12440000, 0x12440000, 0x12880000)
 tenured generation   total 87424K, used 15069K [0x1aca0000, 0x20200000, 0x30200000)
   the space 87424K,  17% used [0x1aca0000, 0x1bb57678, 0x1bb57800, 0x20200000)
 Metaspace       used 17283K, capacity 17694K, committed 17792K, reserved 17792K
}
Event: 675.479 GC heap before
{Heap before GC invocations=4 (full 1):
 def new generation   total 39424K, used 39424K [0x10200000, 0x12cc0000, 0x1aca0000)
  eden space 35072K, 100% used [0x10200000, 0x12440000, 0x12440000)
  from space 4352K, 100% used [0x12880000, 0x12cc0000, 0x12cc0000)
  to   space 4352K,   0% used [0x12440000, 0x12440000, 0x12880000)
 tenured generation   total 87424K, used 15069K [0x1aca0000, 0x20200000, 0x30200000)
   the space 87424K,  17% used [0x1aca0000, 0x1bb57678, 0x1bb57800, 0x20200000)
 Metaspace       used 17832K, capacity 18264K, committed 18304K, reserved 18816K
Event: 675.503 GC heap after
Heap after GC invocations=5 (full 1):
 def new generation   total 39424K, used 2170K [0x10200000, 0x12cc0000, 0x1aca0000)
  eden space 35072K,   0% used [0x10200000, 0x10200000, 0x12440000)
  from space 4352K,  49% used [0x12440000, 0x1265e978, 0x12880000)
  to   space 4352K,   0% used [0x12880000, 0x12880000, 0x12cc0000)
 tenured generation   total 87424K, used 21218K [0x1aca0000, 0x20200000, 0x30200000)
   the space 87424K,  24% used [0x1aca0000, 0x1c158940, 0x1c158a00, 0x20200000)
 Metaspace       used 17832K, capacity 18264K, committed 18304K, reserved 18816K
}
Event: 1052.593 GC heap before
{Heap before GC invocations=5 (full 1):
 def new generation   total 39424K, used 37242K [0x10200000, 0x12cc0000, 0x1aca0000)
  eden space 35072K, 100% used [0x10200000, 0x12440000, 0x12440000)
  from space 4352K,  49% used [0x12440000, 0x1265e978, 0x12880000)
  to   space 4352K,   0% used [0x12880000, 0x12880000, 0x12cc0000)
 tenured generation   total 87424K, used 21218K [0x1aca0000, 0x20200000, 0x30200000)
   the space 87424K,  24% used [0x1aca0000, 0x1c158940, 0x1c158a00, 0x20200000)
 Metaspace       used 18202K, capacity 18685K, committed 18816K, reserved 18816K
Event: 1052.608 GC heap after
Heap after GC invocations=6 (full 1):
 def new generation   total 39424K, used 3815K [0x10200000, 0x12cc0000, 0x1aca0000)
  eden space 35072K,   0% used [0x10200000, 0x10200000, 0x12440000)
  from space 4352K,  87% used [0x12880000, 0x12c39ef8, 0x12cc0000)
  to   space 4352K,   0% used [0x12440000, 0x12440000, 0x12880000)
 tenured generation   total 87424K, used 21218K [0x1aca0000, 0x20200000, 0x30200000)
   the space 87424K,  24% used [0x1aca0000, 0x1c158940, 0x1c158a00, 0x20200000)
 Metaspace       used 18202K, capacity 18685K, committed 18816K, reserved 18816K
}
Event: 1158.595 GC heap before
{Heap before GC invocations=6 (full 1):
 def new generation   total 39424K, used 38887K [0x10200000, 0x12cc0000, 0x1aca0000)
  eden space 35072K, 100% used [0x10200000, 0x12440000, 0x12440000)
  from space 4352K,  87% used [0x12880000, 0x12c39ef8, 0x12cc0000)
  to   space 4352K,   0% used [0x12440000, 0x12440000, 0x12880000)
 tenured generation   total 87424K, used 21218K [0x1aca0000, 0x20200000, 0x30200000)
   the space 87424K,  24% used [0x1aca0000, 0x1c158940, 0x1c158a00, 0x20200000)
 Metaspace       used 18208K, capacity 18687K, committed 18816K, reserved 18816K
Event: 1158.608 GC heap after
Heap after GC invocations=7 (full 1):
 def new generation   total 39424K, used 883K [0x10200000, 0x12cc0000, 0x1aca0000)
  eden space 35072K,   0% used [0x10200000, 0x10200000, 0x12440000)
  from space 4352K,  20% used [0x12440000, 0x1251cdb0, 0x12880000)
  to   space 4352K,   0% used [0x12880000, 0x12880000, 0x12cc0000)
 tenured generation   total 87424K, used 24547K [0x1aca0000, 0x20200000, 0x30200000)
   the space 87424K,  28% used [0x1aca0000, 0x1c498c78, 0x1c498e00, 0x20200000)
 Metaspace       used 18208K, capacity 18687K, committed 18816K, reserved 18816K
}

Deoptimization events (0 events):
No events

Internal exceptions (10 events):
Event: 1281.040 Thread 0x06a08400 Exception <a 'sun/nio/fs/WindowsException'> (0x11fd2358) thrown at [C:\workspace\8-2-build-windows-i586-cygwin\jdk8u92\6642\hotspot\src\share\vm\prims\jni.cpp, line 709]
Event: 1281.040 Thread 0x06a08400 Exception <a 'sun/nio/fs/WindowsException'> (0x11fd2978) thrown at [C:\workspace\8-2-build-windows-i586-cygwin\jdk8u92\6642\hotspot\src\share\vm\prims\jni.cpp, line 709]
Event: 1281.041 Thread 0x06a08400 Exception <a 'sun/nio/fs/WindowsException'> (0x11fdc600) thrown at [C:\workspace\8-2-build-windows-i586-cygwin\jdk8u92\6642\hotspot\src\share\vm\prims\jni.cpp, line 709]
Event: 1281.041 Thread 0x06a08400 Exception <a 'sun/nio/fs/WindowsException'> (0x11fdcbf8) thrown at [C:\workspace\8-2-build-windows-i586-cygwin\jdk8u92\6642\hotspot\src\share\vm\prims\jni.cpp, line 709]
Event: 1281.042 Thread 0x06a08400 Exception <a 'sun/nio/fs/WindowsException'> (0x11fe7128) thrown at [C:\workspace\8-2-build-windows-i586-cygwin\jdk8u92\6642\hotspot\src\share\vm\prims\jni.cpp, line 709]
Event: 1281.042 Thread 0x06a08400 Exception <a 'sun/nio/fs/WindowsException'> (0x11fe7798) thrown at [C:\workspace\8-2-build-windows-i586-cygwin\jdk8u92\6642\hotspot\src\share\vm\prims\jni.cpp, line 709]
Event: 1281.043 Thread 0x06a08400 Exception <a 'sun/nio/fs/WindowsException'> (0x11ff1a70) thrown at [C:\workspace\8-2-build-windows-i586-cygwin\jdk8u92\6642\hotspot\src\share\vm\prims\jni.cpp, line 709]
Event: 1281.043 Thread 0x06a08400 Exception <a 'sun/nio/fs/WindowsException'> (0x11ff2068) thrown at [C:\workspace\8-2-build-windows-i586-cygwin\jdk8u92\6642\hotspot\src\share\vm\prims\jni.cpp, line 709]
Event: 1281.044 Thread 0x06a08400 Exception <a 'sun/nio/fs/WindowsException'> (0x11ffbfd8) thrown at [C:\workspace\8-2-build-windows-i586-cygwin\jdk8u92\6642\hotspot\src\share\vm\prims\jni.cpp, line 709]
Event: 1281.044 Thread 0x06a08400 Exception <a 'sun/nio/fs/WindowsException'> (0x11ffc5e0) thrown at [C:\workspace\8-2-build-windows-i586-cygwin\jdk8u92\6642\hotspot\src\share\vm\prims\jni.cpp, line 709]

Events (10 events):
Event: 1281.057 Thread 0x06a08400 Thread exited: 0x06a08400
Event: 1281.725 Thread 0x04f0ac00 flushing nmethod 0x02a81d48
Event: 1281.725 Thread 0x04f0ac00 flushing nmethod 0x02a81f88
Event: 1282.434 Executing VM operation: RevokeBias
Event: 1282.434 Executing VM operation: RevokeBias done
Event: 1282.434 Thread 0x06a08000 Thread exited: 0x06a08000
Event: 1284.223 Thread 0x04f0ac00 flushing nmethod 0x02a82448
Event: 1284.223 Thread 0x04f0ac00 flushing nmethod 0x02a83548
Event: 1284.223 Thread 0x04f0ac00 flushing nmethod 0x02a83788
Event: 1313.421 Thread 0x04f0ac00 flushing nmethod 0x02a85748


Dynamic libraries:
0x012f0000 - 0x01323000 	C:\Program Files (x86)\Arduino\java\bin\javaw.exe
0x776c0000 - 0x7783b000 	C:\Windows\SYSTEM32\ntdll.dll
0x77330000 - 0x77410000 	C:\Windows\SYSTEM32\KERNEL32.DLL
0x74f90000 - 0x7510e000 	C:\Windows\SYSTEM32\KERNELBASE.dll
0x76ca0000 - 0x76d1b000 	C:\Windows\SYSTEM32\ADVAPI32.dll
0x751c0000 - 0x7527e000 	C:\Windows\SYSTEM32\msvcrt.dll
0x74f40000 - 0x74f84000 	C:\Windows\SYSTEM32\sechost.dll
0x77410000 - 0x774bd000 	C:\Windows\SYSTEM32\RPCRT4.dll
0x743f0000 - 0x7440e000 	C:\Windows\SYSTEM32\SspiCli.dll
0x743e0000 - 0x743ea000 	C:\Windows\SYSTEM32\CRYPTBASE.dll
0x76770000 - 0x767c8000 	C:\Windows\SYSTEM32\bcryptPrimitives.dll
0x76ee0000 - 0x77027000 	C:\Windows\SYSTEM32\USER32.dll
0x76950000 - 0x76a9f000 	C:\Windows\SYSTEM32\GDI32.dll
0x71f40000 - 0x7214f000 	C:\Windows\WinSxS\x86_microsoft.windows.common-controls_6595b64144ccf1df_6.0.10586.589_none_ea8aeaa1b9b5d5d4\COMCTL32.dll
0x76d20000 - 0x76edd000 	C:\Windows\SYSTEM32\combase.dll
0x77520000 - 0x7754b000 	C:\Windows\SYSTEM32\IMM32.DLL
0x5c6b0000 - 0x5c76f000 	C:\Program Files (x86)\Arduino\java\bin\msvcr100.dll
0x5ba60000 - 0x5be2b000 	C:\Program Files (x86)\Arduino\java\bin\client\jvm.dll
0x77280000 - 0x77286000 	C:\Windows\SYSTEM32\PSAPI.DLL
0x70410000 - 0x70418000 	C:\Windows\SYSTEM32\WSOCK32.dll
0x73c90000 - 0x73cb4000 	C:\Windows\SYSTEM32\WINMM.dll
0x75280000 - 0x752df000 	C:\Windows\SYSTEM32\WS2_32.dll
0x71c40000 - 0x71c48000 	C:\Windows\SYSTEM32\VERSION.dll
0x73c60000 - 0x73c83000 	C:\Windows\SYSTEM32\WINMMBASE.dll
0x74af0000 - 0x74b27000 	C:\Windows\SYSTEM32\cfgmgr32.dll
0x5c670000 - 0x5c6a1000 	C:\Program Files (x86)\Arduino\java\bin\splashscreen.dll
0x73e90000 - 0x73f05000 	C:\Windows\system32\uxtheme.dll
0x609a0000 - 0x609ac000 	C:\Program Files (x86)\Arduino\java\bin\verify.dll
0x5d150000 - 0x5d171000 	C:\Program Files (x86)\Arduino\java\bin\java.dll
0x744d0000 - 0x745ef000 	C:\Windows\SYSTEM32\MSCTF.dll
0x10000000 - 0x10039000 	C:\Program Files (x86)\Samsung\Settings\CmdServer\WinCRT.dll
0x77030000 - 0x77075000 	C:\Windows\SYSTEM32\SHLWAPI.dll
0x771e0000 - 0x77275000 	C:\Windows\SYSTEM32\OLEAUT32.dll
0x73ff0000 - 0x74057000 	C:\Windows\SYSTEM32\WINSPOOL.DRV
0x73fd0000 - 0x73feb000 	C:\Windows\SYSTEM32\bcrypt.dll
0x60930000 - 0x60943000 	C:\Program Files (x86)\Arduino\java\bin\zip.dll
0x76c00000 - 0x76c0c000 	C:\Windows\SYSTEM32\kernel.appcore.dll
0x75370000 - 0x7676e000 	C:\Windows\SYSTEM32\SHELL32.dll
0x745f0000 - 0x74aea000 	C:\Windows\SYSTEM32\windows.storage.dll
0x752e0000 - 0x7536d000 	C:\Windows\SYSTEM32\shcore.dll
0x76c30000 - 0x76c74000 	C:\Windows\SYSTEM32\powrprof.dll
0x75120000 - 0x7512f000 	C:\Windows\SYSTEM32\profapi.dll
0x770f0000 - 0x771db000 	C:\Windows\SYSTEM32\ole32.dll
0x75130000 - 0x751b4000 	C:\Windows\SYSTEM32\clbcatq.dll
0x5c4c0000 - 0x5c605000 	C:\Program Files (x86)\Arduino\java\bin\awt.dll
0x74340000 - 0x743d2000 	C:\Windows\system32\apphelp.dll
0x73c00000 - 0x73c1d000 	C:\Windows\system32\dwmapi.dll
0x61740000 - 0x6176c000 	C:\Program Files (x86)\Arduino\lib\listSerialsj.dll
0x74b30000 - 0x74f3b000 	C:\Windows\SYSTEM32\SETUPAPI.dll
0x68c10000 - 0x68c23000 	C:\Windows\SYSTEM32\CRYPTSP.dll
0x66490000 - 0x664bf000 	C:\Windows\system32\rsaenh.dll
0x74080000 - 0x74099000 	C:\Windows\SYSTEM32\USERENV.dll
0x5c650000 - 0x5c666000 	C:\Program Files (x86)\Arduino\java\bin\net.dll
0x6e820000 - 0x6e86f000 	C:\Windows\system32\mswsock.dll
0x734f0000 - 0x7351f000 	C:\Windows\SYSTEM32\IPHLPAPI.DLL
0x76c10000 - 0x76c17000 	C:\Windows\SYSTEM32\NSI.dll
0x734d0000 - 0x734e3000 	C:\Windows\SYSTEM32\dhcpcsvc6.DLL
0x734b0000 - 0x734c4000 	C:\Windows\SYSTEM32\dhcpcsvc.DLL
0x5c640000 - 0x5c64f000 	C:\Program Files (x86)\Arduino\java\bin\nio.dll
0x05c60000 - 0x05c9d000 	C:\Users\Nuno\AppData\Local\Temp\jna-2439656\jna1176642621065801257.dll
0x5c480000 - 0x5c4b9000 	C:\Program Files (x86)\Arduino\java\bin\fontmanager.dll
0x5c440000 - 0x5c472000 	C:\Program Files (x86)\Arduino\java\bin\t2k.dll
0x70bb0000 - 0x70bd2000 	C:\Windows\SYSTEM32\DEVOBJ.dll
0x77080000 - 0x770c2000 	C:\Windows\SYSTEM32\WINTRUST.dll
0x76c20000 - 0x76c2e000 	C:\Windows\SYSTEM32\MSASN1.dll
0x767d0000 - 0x76949000 	C:\Windows\SYSTEM32\CRYPT32.dll
0x6e870000 - 0x6e8f4000 	C:\Windows\SYSTEM32\DNSAPI.dll
0x6c350000 - 0x6c358000 	C:\Windows\System32\rasadhlp.dll
0x68b00000 - 0x68b47000 	C:\Windows\System32\fwpuclnt.dll
0x5c3d0000 - 0x5c439000 	C:\Program Files (x86)\Arduino\msvcp100.dll
0x5c310000 - 0x5c3ce000 	C:\Program Files (x86)\Arduino\msvcr100.dll
0x07600000 - 0x07632000 	C:\Program Files (x86)\Arduino\lib\AStylej.dll
0x5ba30000 - 0x5ba54000 	C:\Program Files (x86)\Arduino\java\bin\dcpr.dll
0x704c0000 - 0x70633000 	C:\Windows\SYSTEM32\WindowsCodecs.dll
0x6c5a0000 - 0x6c5e1000 	C:\Windows\system32\dataexchange.dll
0x6c5f0000 - 0x6c697000 	C:\Windows\system32\dcomp.dll
0x6e230000 - 0x6e44a000 	C:\Windows\system32\d3d11.dll
0x6e1a0000 - 0x6e222000 	C:\Windows\system32\dxgi.dll
0x70120000 - 0x701ee000 	C:\Windows\system32\twinapi.appcore.dll
0x64000000 - 0x6401b000 	C:\Users\Nuno\.jssc\windows\jSSC-2.8_x86.dll
0x6e930000 - 0x6ea6f000 	C:\Windows\SYSTEM32\dbghelp.dll

VM Arguments:
jvm_args: -Dsun.java2d.d3d=false -Djna.nosys=true -DAPP_DIR=C:\Program Files (x86)\Arduino -Xms128M -Xmx512M 
java_command: processing.app.Base C:\Users\Nuno\Dropbox\PixelsCamp2016-SlotCar\HW\Arduino_Nuno\slot_car_ctrl\slot_car_ctrl.ino
java_class_path (initial): C:\Program Files (x86)\Arduino\lib\apple.jar;C:\Program Files (x86)\Arduino\lib\arduino-core.jar;C:\Program Files (x86)\Arduino\lib\batik-1.8.jar;C:\Program Files (x86)\Arduino\lib\batik-anim-1.8.jar;C:\Program Files (x86)\Arduino\lib\batik-awt-util-1.8.jar;C:\Program Files (x86)\Arduino\lib\batik-bridge-1.8.jar;C:\Program Files (x86)\Arduino\lib\batik-codec-1.8.jar;C:\Program Files (x86)\Arduino\lib\batik-css-1.8.jar;C:\Program Files (x86)\Arduino\lib\batik-dom-1.8.jar;C:\Program Files (x86)\Arduino\lib\batik-ext-1.8.jar;C:\Program Files (x86)\Arduino\lib\batik-gvt-1.8.jar;C:\Program Files (x86)\Arduino\lib\batik-parser-1.8.jar;C:\Program Files (x86)\Arduino\lib\batik-rasterizer-1.8.jar;C:\Program Files (x86)\Arduino\lib\batik-script-1.8.jar;C:\Program Files (x86)\Arduino\lib\batik-squiggle-1.8.jar;C:\Program Files (x86)\Arduino\lib\batik-svg-dom-1.8.jar;C:\Program Files (x86)\Arduino\lib\batik-svgpp-1.8.jar;C:\Program Files (x86)\Arduino\lib\batik-transcoder-1.8.jar;C:\Program Files (x86)\Arduino\lib\batik-util-1.8.jar;C:\Program Files (x86)\Arduino\lib\batik-xml-1.8.jar;C:\Program Files (x86)\Arduino\lib\bcpg-jdk15on-152.jar;C:\Program Files (x86)\Arduino\lib\bcprov-jdk15on-152.jar;C:\Program Files (x86)\Arduino\lib\commons-codec-1.7.jar;C:\Program Files (x86)\Arduino\lib\commons-compress-1.8.jar;C:\Program Files (x86)\Arduino\lib\commons-exec-1.1.jar;C:\Program Files (x86)\Arduino\lib\commons-httpclient-3.1.jar;C:\Program Files (x86)\Arduino\lib\commons-lang3-3.3.2.jar;C:\Program Files (x86)\Arduino\lib\commons-logging-1.0.4.jar;C:\Program Files (x86)\Arduino\lib\commons-net-3.3.jar;C:\Program Files (x86)\Arduino\lib\jackson-annotations-2.6.3.jar;C:\Program Files (x86)\Arduino\lib\jackson-core-2.6.3.jar;C:\Program Files (x86)\Arduino\lib\jackson-databind-2.6.3.jar;C:\Program Files (x86)\Arduino\lib\jackson-module-mrbean-2.6.3.jar;C:\Program Files (x86)\Arduino\lib\java-semver-0.8.0.jar;C:\Program Files (x86)\Arduino\lib\jmdns-3.4.1.j
Launcher Type: SUN_STANDARD

Environment Variables:
PATH=C:\Windows\system32;C:\Windows;C:\Windows\System32\Wbem;C:\Windows\System32\WindowsPowerShell\v1.0\;C:\Program Files (x86)\ATI Technologies\ATI.ACE\Core-Static;C:\Program Files (x86)\Skype\Phone\;C:\Program Files\Crucial\Crucial Storage Executive;C:\Program Files (x86)\Arduino\java\bin
USERNAME=Nuno
OS=Windows_NT
PROCESSOR_IDENTIFIER=Intel64 Family 6 Model 42 Stepping 7, GenuineIntel



---------------  S Y S T E M  ---------------

OS: Windows 10.0 , 64 bit Build 10586 (10.0.10586.589)

CPU:total 4 (2 cores per cpu, 2 threads per core) family 6 model 42 stepping 7, cmov, cx8, fxsr, mmx, sse, sse2, sse3, ssse3, sse4.1, sse4.2, popcnt, avx, aes, clmul, ht, tsc, tscinvbit

Memory: 4k page, physical 6183156k(2877296k free), swap 7166196k(3358596k free)

vm_info: Java HotSpot(TM) Client VM (25.92-b14) for windows-x86 JRE (1.8.0_92-b14), built on Mar 31 2016 21:09:21 by "java_re" with MS VC++ 10.0 (VS2010)

time: Sat Oct 08 00:23:13 2016
elapsed time: 1349 seconds (0d 0h 22m 29s)

