#
# A fatal error has been detected by the Java Runtime Environment:
#
#  EXCEPTION_ACCESS_VIOLATION (0xc0000005) at pc=0x617493cd, pid=7356, tid=0x00001878
#
# JRE version: Java(TM) SE Runtime Environment (8.0_92-b14) (build 1.8.0_92-b14)
# Java VM: Java HotSpot(TM) Client VM (25.92-b14 mixed mode windows-x86 )
# Problematic frame:
# C  [listSerialsj.dll+0x93cd]
#
# Failed to write core dump. Minidumps are not enabled by default on client versions of Windows
#
# If you would like to submit a bug report, please visit:
#   http://bugreport.java.com/bugreport/crash.jsp
# The crash happened outside the Java Virtual Machine in native code.
# See problematic frame for where to report the bug.
#

---------------  T H R E A D  ---------------

Current thread (0x06c12400):  JavaThread "cc.arduino.packages.discoverers.serial.SerialBoardsLister" [_thread_in_native, id=6264, stack(0x06150000,0x061a0000)]

siginfo: ExceptionCode=0xc0000005, writing address 0x00000000

Registers:
EAX=0x00000000, EBX=0x00000784, ECX=0x00000000, EDX=0x00000001
ESP=0x0619ee60, EBP=0x0619f2b8, ESI=0x00000001, EDI=0x00d8c920
EIP=0x617493cd, EFLAGS=0x00010246

Top of Stack: (sp=0x0619ee60)
0x0619ee60:   00cf2668 0000002e 00000002 00000000
0x0619ee70:   00000003 00000000 00000000 00000000
0x0619ee80:   00000002 00d4df90 0000006e 74b5a540
0x0619ee90:   089e4210 00227485 00d8ccc0 00000007
0x0619eea0:   7521bff0 00000007 0000007d 00000002
0x0619eeb0:   00000001 0000006e 00000031 0000008c
0x0619eec0:   008ceeac 00000000 364d4f43 0021d100
0x0619eed0:   00425355 fffffffe 7521bfe5 617419bf 

Instructions: (pc=0x617493cd)
0x617493ad:   8b 45 08 8b 90 94 00 00 00 85 d2 74 16 8b 40 2c
0x617493bd:   c7 44 24 04 2e 00 00 00 89 04 24 e8 73 14 00 00
0x617493cd:   c6 00 00 8d 85 04 fc ff ff 89 44 24 18 8d 85 0a
0x617493dd:   fc ff ff 89 44 24 10 a1 e4 01 75 61 c7 85 04 fc 


Register to memory mapping:

EAX=0x00000000 is an unknown value
EBX=0x00000784 is an unknown value
ECX=0x00000000 is an unknown value
EDX=0x00000001 is an unknown value
ESP=0x0619ee60 is pointing into the stack for thread: 0x06c12400
EBP=0x0619f2b8 is pointing into the stack for thread: 0x06c12400
ESI=0x00000001 is an unknown value
EDI=0x00d8c920 is an unknown value


Stack: [0x06150000,0x061a0000],  sp=0x0619ee60,  free space=315k
Native frames: (J=compiled Java code, j=interpreted, Vv=VM code, C=native code)
C  [listSerialsj.dll+0x93cd]
C  [listSerialsj.dll+0x2211]

Java frames: (J=compiled Java code, j=interpreted, Vv=VM code)
j  processing.app.Platform.listSerialsNative()[Ljava/lang/String;+0
j  processing.app.Platform.listSerials()Ljava/util/List;+5
j  cc.arduino.packages.discoverers.serial.SerialBoardsLister.retriggerDiscovery(Z)V+22
j  cc.arduino.packages.discoverers.serial.SerialBoardsLister.run()V+9
j  java.util.TimerThread.mainLoop()V+221
j  java.util.TimerThread.run()V+1
v  ~StubRoutines::call_stub

---------------  P R O C E S S  ---------------

Java Threads: ( => current thread )
  0x07234400 JavaThread "DestroyJavaVM" [_thread_blocked, id=7296, stack(0x01210000,0x01260000)]
  0x06cd3800 JavaThread "TimerQueue" daemon [_thread_blocked, id=6788, stack(0x08d30000,0x08d80000)]
  0x06cd7000 JavaThread "AWT-EventQueue-0" [_thread_blocked, id=7136, stack(0x081d0000,0x08220000)]
  0x06cd4c00 JavaThread "AWT-Shutdown" [_thread_blocked, id=6500, stack(0x08140000,0x08190000)]
  0x06cd4400 JavaThread "Batik CleanerThread" daemon [_thread_blocked, id=32, stack(0x07f20000,0x07f70000)]
  0x06cd6c00 JavaThread "JmDNS(DESKTOP-G0HKO1U.local.).Timer" daemon [_thread_blocked, id=7668, stack(0x07c30000,0x07c80000)]
  0x06cd5000 JavaThread "JmDNS(DESKTOP-G0HKO1U.local.).State.Timer" [_thread_blocked, id=4708, stack(0x07ba0000,0x07bf0000)]
  0x06cd6400 JavaThread "JmDNS(DESKTOP-G0HKO1U.local.).Timer" daemon [_thread_blocked, id=6940, stack(0x07b10000,0x07b60000)]
  0x06cd4000 JavaThread "SocketListener(DESKTOP-G0HKO1U.local.)" daemon [_thread_in_native, id=6360, stack(0x07a80000,0x07ad0000)]
  0x06ca9800 JavaThread "JmDNS(DESKTOP-G0HKO1U.local.).Timer" daemon [_thread_blocked, id=908, stack(0x077d0000,0x07820000)]
  0x06cac800 JavaThread "JmDNS(DESKTOP-G0HKO1U.local.).State.Timer" [_thread_blocked, id=6596, stack(0x07740000,0x07790000)]
  0x06cac000 JavaThread "JmDNS(DESKTOP-G0HKO1U.local.).Timer" daemon [_thread_blocked, id=6356, stack(0x076b0000,0x07700000)]
  0x06cabc00 JavaThread "SocketListener(DESKTOP-G0HKO1U.local.)" daemon [_thread_in_native, id=5552, stack(0x07620000,0x07670000)]
  0x06c13000 JavaThread "cc.arduino.packages.discoverers.network.BoardReachabilityFilter" [_thread_blocked, id=5604, stack(0x07490000,0x074e0000)]
  0x06c12c00 JavaThread "cc.arduino.packages.discoverers.network.NetworkChecker" [_thread_blocked, id=1288, stack(0x06940000,0x06990000)]
=>0x06c12400 JavaThread "cc.arduino.packages.discoverers.serial.SerialBoardsLister" [_thread_in_native, id=6264, stack(0x06150000,0x061a0000)]
  0x05cbf000 JavaThread "AWT-Windows" daemon [_thread_in_native, id=5448, stack(0x061e0000,0x06230000)]
  0x05cbe000 JavaThread "Java2D Disposer" daemon [_thread_blocked, id=776, stack(0x060c0000,0x06110000)]
  0x05575000 JavaThread "Service Thread" daemon [_thread_blocked, id=4972, stack(0x05aa0000,0x05af0000)]
  0x0554b400 JavaThread "C1 CompilerThread0" daemon [_thread_blocked, id=7884, stack(0x05a10000,0x05a60000)]
  0x05559400 JavaThread "Attach Listener" daemon [_thread_blocked, id=6300, stack(0x05980000,0x059d0000)]
  0x05557400 JavaThread "Signal Dispatcher" daemon [_thread_blocked, id=7304, stack(0x05470000,0x054c0000)]
  0x0553a400 JavaThread "Finalizer" daemon [_thread_blocked, id=4816, stack(0x057f0000,0x05840000)]
  0x05524400 JavaThread "Reference Handler" daemon [_thread_blocked, id=1388, stack(0x05760000,0x057b0000)]

Other Threads:
  0x0282dc00 VMThread [stack: 0x054d0000,0x05520000] [id=5192]
  0x05556800 WatcherThread [stack: 0x05b30000,0x05b80000] [id=6452]

VM state:not at safepoint (normal execution)

VM Mutex/Monitor currently owned by a thread: None

Heap:
 def new generation   total 39424K, used 30625K [0x10200000, 0x12cc0000, 0x1aca0000)
  eden space 35072K,  74% used [0x10200000, 0x11ba8448, 0x12440000)
  from space 4352K, 100% used [0x12880000, 0x12cc0000, 0x12cc0000)
  to   space 4352K,   0% used [0x12440000, 0x12440000, 0x12880000)
 tenured generation   total 87424K, used 15058K [0x1aca0000, 0x20200000, 0x30200000)
   the space 87424K,  17% used [0x1aca0000, 0x1bb54850, 0x1bb54a00, 0x20200000)
 Metaspace       used 17700K, capacity 18135K, committed 18304K, reserved 18816K

Card table byte_map: [0x02a50000,0x02b60000] byte_map_base: 0x029cf000

Polling page: 0x00cc0000

CodeCache: size=32768Kb used=3209Kb max_used=3209Kb free=29558Kb
 bounds [0x02be0000, 0x02f08000, 0x04be0000]
 total_blobs=2051 nmethods=1779 adapters=202
 compilation: enabled

Compilation events (10 events):
Event: 244.971 Thread 0x0554b400 1797             java.net.InterfaceAddress::<init> (20 bytes)
Event: 244.971 Thread 0x0554b400 nmethod 1797 0x02f01308 code [0x02f01400, 0x02f014b0]
Event: 255.301 Thread 0x0554b400 1798             sun.awt.windows.WGlobalCursorManager::nativeUpdateCursor (8 bytes)
Event: 255.301 Thread 0x0554b400 nmethod 1798 0x02f01508 code [0x02f01660, 0x02f01a0c]
Event: 259.559 Thread 0x0554b400 1799             java.util.PriorityQueue::removeAt (87 bytes)
Event: 259.559 Thread 0x0554b400 nmethod 1799 0x02f01d48 code [0x02f01e80, 0x02f020a0]
Event: 259.794 Thread 0x0554b400 1800             sun.java2d.pipe.Region::<init> (26 bytes)
Event: 259.794 Thread 0x0554b400 nmethod 1800 0x02f02388 code [0x02f02480, 0x02f02510]
Event: 259.794 Thread 0x0554b400 1801             sun.swing.ImageCache$Entry::equals (147 bytes)
Event: 259.796 Thread 0x0554b400 nmethod 1801 0x02f02548 code [0x02f02660, 0x02f0285c]

GC Heap History (8 events):
Event: 1.404 GC heap before
{Heap before GC invocations=0 (full 0):
 def new generation   total 39296K, used 34944K [0x10200000, 0x12ca0000, 0x1aca0000)
  eden space 34944K, 100% used [0x10200000, 0x12420000, 0x12420000)
  from space 4352K,   0% used [0x12420000, 0x12420000, 0x12860000)
  to   space 4352K,   0% used [0x12860000, 0x12860000, 0x12ca0000)
 tenured generation   total 87424K, used 0K [0x1aca0000, 0x20200000, 0x30200000)
   the space 87424K,   0% used [0x1aca0000, 0x1aca0000, 0x1aca0200, 0x20200000)
 Metaspace       used 9662K, capacity 9830K, committed 9984K, reserved 10624K
Event: 1.420 GC heap after
Heap after GC invocations=1 (full 0):
 def new generation   total 39296K, used 4352K [0x10200000, 0x12ca0000, 0x1aca0000)
  eden space 34944K,   0% used [0x10200000, 0x10200000, 0x12420000)
  from space 4352K, 100% used [0x12860000, 0x12ca0000, 0x12ca0000)
  to   space 4352K,   0% used [0x12420000, 0x12420000, 0x12860000)
 tenured generation   total 87424K, used 2792K [0x1aca0000, 0x20200000, 0x30200000)
   the space 87424K,   3% used [0x1aca0000, 0x1af5a2e8, 0x1af5a400, 0x20200000)
 Metaspace       used 9662K, capacity 9830K, committed 9984K, reserved 10624K
}
Event: 2.357 GC heap before
{Heap before GC invocations=1 (full 0):
 def new generation   total 39296K, used 39296K [0x10200000, 0x12ca0000, 0x1aca0000)
  eden space 34944K, 100% used [0x10200000, 0x12420000, 0x12420000)
  from space 4352K, 100% used [0x12860000, 0x12ca0000, 0x12ca0000)
  to   space 4352K,   0% used [0x12420000, 0x12420000, 0x12860000)
 tenured generation   total 87424K, used 2792K [0x1aca0000, 0x20200000, 0x30200000)
   the space 87424K,   3% used [0x1aca0000, 0x1af5a2e8, 0x1af5a400, 0x20200000)
 Metaspace       used 11801K, capacity 12153K, committed 12288K, reserved 12672K
Event: 2.389 GC heap after
Heap after GC invocations=2 (full 0):
 def new generation   total 39296K, used 4352K [0x10200000, 0x12ca0000, 0x1aca0000)
  eden space 34944K,   0% used [0x10200000, 0x10200000, 0x12420000)
  from space 4352K, 100% used [0x12420000, 0x12860000, 0x12860000)
  to   space 4352K,   0% used [0x12860000, 0x12860000, 0x12ca0000)
 tenured generation   total 87424K, used 8556K [0x1aca0000, 0x20200000, 0x30200000)
   the space 87424K,   9% used [0x1aca0000, 0x1b4fb110, 0x1b4fb200, 0x20200000)
 Metaspace       used 11801K, capacity 12153K, committed 12288K, reserved 12672K
}
Event: 2.757 GC heap before
{Heap before GC invocations=2 (full 0):
 def new generation   total 39296K, used 10534K [0x10200000, 0x12ca0000, 0x1aca0000)
  eden space 34944K,  17% used [0x10200000, 0x10809bc8, 0x12420000)
  from space 4352K, 100% used [0x12420000, 0x12860000, 0x12860000)
  to   space 4352K,   0% used [0x12860000, 0x12860000, 0x12ca0000)
 tenured generation   total 87424K, used 8556K [0x1aca0000, 0x20200000, 0x30200000)
   the space 87424K,   9% used [0x1aca0000, 0x1b4fb110, 0x1b4fb200, 0x20200000)
 Metaspace       used 11918K, capacity 12262K, committed 12288K, reserved 12672K
Event: 2.793 GC heap after
Heap after GC invocations=3 (full 1):
 def new generation   total 39424K, used 0K [0x10200000, 0x12cc0000, 0x1aca0000)
  eden space 35072K,   0% used [0x10200000, 0x10200000, 0x12440000)
  from space 4352K,   0% used [0x12440000, 0x12440000, 0x12880000)
  to   space 4352K,   0% used [0x12880000, 0x12880000, 0x12cc0000)
 tenured generation   total 87424K, used 13482K [0x1aca0000, 0x20200000, 0x30200000)
   the space 87424K,  15% used [0x1aca0000, 0x1b9ca8e0, 0x1b9caa00, 0x20200000)
 Metaspace       used 11918K, capacity 12262K, committed 12288K, reserved 12672K
}
Event: 4.000 GC heap before
{Heap before GC invocations=3 (full 1):
 def new generation   total 39424K, used 34097K [0x10200000, 0x12cc0000, 0x1aca0000)
  eden space 35072K,  97% used [0x10200000, 0x1234c4c8, 0x12440000)
  from space 4352K,   0% used [0x12440000, 0x12440000, 0x12880000)
  to   space 4352K,   0% used [0x12880000, 0x12880000, 0x12cc0000)
 tenured generation   total 87424K, used 13482K [0x1aca0000, 0x20200000, 0x30200000)
   the space 87424K,  15% used [0x1aca0000, 0x1b9ca8e0, 0x1b9caa00, 0x20200000)
 Metaspace       used 17173K, capacity 17566K, committed 17664K, reserved 17792K
Event: 4.023 GC heap after
Heap after GC invocations=4 (full 1):
 def new generation   total 39424K, used 4352K [0x10200000, 0x12cc0000, 0x1aca0000)
  eden space 35072K,   0% used [0x10200000, 0x10200000, 0x12440000)
  from space 4352K, 100% used [0x12880000, 0x12cc0000, 0x12cc0000)
  to   space 4352K,   0% used [0x12440000, 0x12440000, 0x12880000)
 tenured generation   total 87424K, used 15058K [0x1aca0000, 0x20200000, 0x30200000)
   the space 87424K,  17% used [0x1aca0000, 0x1bb54850, 0x1bb54a00, 0x20200000)
 Metaspace       used 17173K, capacity 17566K, committed 17664K, reserved 17792K
}

Deoptimization events (0 events):
No events

Internal exceptions (10 events):
Event: 64.412 Thread 0x07237000 Exception <a 'sun/nio/fs/WindowsException'> (0x10f331c0) thrown at [C:\workspace\8-2-build-windows-i586-cygwin\jdk8u92\6642\hotspot\src\share\vm\prims\jni.cpp, line 709]
Event: 64.412 Thread 0x07237000 Exception <a 'sun/nio/fs/WindowsException'> (0x10f337e0) thrown at [C:\workspace\8-2-build-windows-i586-cygwin\jdk8u92\6642\hotspot\src\share\vm\prims\jni.cpp, line 709]
Event: 64.413 Thread 0x07237000 Exception <a 'sun/nio/fs/WindowsException'> (0x10f3d618) thrown at [C:\workspace\8-2-build-windows-i586-cygwin\jdk8u92\6642\hotspot\src\share\vm\prims\jni.cpp, line 709]
Event: 64.413 Thread 0x07237000 Exception <a 'sun/nio/fs/WindowsException'> (0x10f3dc10) thrown at [C:\workspace\8-2-build-windows-i586-cygwin\jdk8u92\6642\hotspot\src\share\vm\prims\jni.cpp, line 709]
Event: 64.414 Thread 0x07237000 Exception <a 'sun/nio/fs/WindowsException'> (0x10f48398) thrown at [C:\workspace\8-2-build-windows-i586-cygwin\jdk8u92\6642\hotspot\src\share\vm\prims\jni.cpp, line 709]
Event: 64.414 Thread 0x07237000 Exception <a 'sun/nio/fs/WindowsException'> (0x10f48a08) thrown at [C:\workspace\8-2-build-windows-i586-cygwin\jdk8u92\6642\hotspot\src\share\vm\prims\jni.cpp, line 709]
Event: 64.416 Thread 0x07237000 Exception <a 'sun/nio/fs/WindowsException'> (0x10f52e28) thrown at [C:\workspace\8-2-build-windows-i586-cygwin\jdk8u92\6642\hotspot\src\share\vm\prims\jni.cpp, line 709]
Event: 64.417 Thread 0x07237000 Exception <a 'sun/nio/fs/WindowsException'> (0x10f53420) thrown at [C:\workspace\8-2-build-windows-i586-cygwin\jdk8u92\6642\hotspot\src\share\vm\prims\jni.cpp, line 709]
Event: 64.418 Thread 0x07237000 Exception <a 'sun/nio/fs/WindowsException'> (0x10f5d648) thrown at [C:\workspace\8-2-build-windows-i586-cygwin\jdk8u92\6642\hotspot\src\share\vm\prims\jni.cpp, line 709]
Event: 64.418 Thread 0x07237000 Exception <a 'sun/nio/fs/WindowsException'> (0x10f5dc50) thrown at [C:\workspace\8-2-build-windows-i586-cygwin\jdk8u92\6642\hotspot\src\share\vm\prims\jni.cpp, line 709]

Events (10 events):
Event: 198.936 Executing VM operation: RevokeBias
Event: 198.936 Executing VM operation: RevokeBias done
Event: 198.936 Executing VM operation: RevokeBias
Event: 198.936 Executing VM operation: RevokeBias done
Event: 198.937 Executing VM operation: RevokeBias
Event: 198.937 Executing VM operation: RevokeBias done
Event: 203.937 Executing VM operation: RevokeBias
Event: 203.938 Executing VM operation: RevokeBias done
Event: 203.938 Thread 0x0723b000 Thread exited: 0x0723b000
Event: 203.938 Thread 0x07235000 Thread exited: 0x07235000


Dynamic libraries:
0x012f0000 - 0x01323000 	C:\Program Files (x86)\Arduino\java\bin\javaw.exe
0x776c0000 - 0x7783b000 	C:\Windows\SYSTEM32\ntdll.dll
0x77330000 - 0x77410000 	C:\Windows\SYSTEM32\KERNEL32.DLL
0x74f90000 - 0x7510e000 	C:\Windows\SYSTEM32\KERNELBASE.dll
0x76ca0000 - 0x76d1b000 	C:\Windows\SYSTEM32\ADVAPI32.dll
0x751c0000 - 0x7527e000 	C:\Windows\SYSTEM32\msvcrt.dll
0x74f40000 - 0x74f84000 	C:\Windows\SYSTEM32\sechost.dll
0x77410000 - 0x774bd000 	C:\Windows\SYSTEM32\RPCRT4.dll
0x743f0000 - 0x7440e000 	C:\Windows\SYSTEM32\SspiCli.dll
0x743e0000 - 0x743ea000 	C:\Windows\SYSTEM32\CRYPTBASE.dll
0x76770000 - 0x767c8000 	C:\Windows\SYSTEM32\bcryptPrimitives.dll
0x76ee0000 - 0x77027000 	C:\Windows\SYSTEM32\USER32.dll
0x76950000 - 0x76a9f000 	C:\Windows\SYSTEM32\GDI32.dll
0x71f40000 - 0x7214f000 	C:\Windows\WinSxS\x86_microsoft.windows.common-controls_6595b64144ccf1df_6.0.10586.589_none_ea8aeaa1b9b5d5d4\COMCTL32.dll
0x76d20000 - 0x76edd000 	C:\Windows\SYSTEM32\combase.dll
0x77520000 - 0x7754b000 	C:\Windows\SYSTEM32\IMM32.DLL
0x5c6b0000 - 0x5c76f000 	C:\Program Files (x86)\Arduino\java\bin\msvcr100.dll
0x5ba60000 - 0x5be2b000 	C:\Program Files (x86)\Arduino\java\bin\client\jvm.dll
0x77280000 - 0x77286000 	C:\Windows\SYSTEM32\PSAPI.DLL
0x70410000 - 0x70418000 	C:\Windows\SYSTEM32\WSOCK32.dll
0x75280000 - 0x752df000 	C:\Windows\SYSTEM32\WS2_32.dll
0x73c90000 - 0x73cb4000 	C:\Windows\SYSTEM32\WINMM.dll
0x71c40000 - 0x71c48000 	C:\Windows\SYSTEM32\VERSION.dll
0x73c60000 - 0x73c83000 	C:\Windows\SYSTEM32\WINMMBASE.dll
0x74af0000 - 0x74b27000 	C:\Windows\SYSTEM32\cfgmgr32.dll
0x5c670000 - 0x5c6a1000 	C:\Program Files (x86)\Arduino\java\bin\splashscreen.dll
0x73e90000 - 0x73f05000 	C:\Windows\system32\uxtheme.dll
0x609a0000 - 0x609ac000 	C:\Program Files (x86)\Arduino\java\bin\verify.dll
0x744d0000 - 0x745ef000 	C:\Windows\SYSTEM32\MSCTF.dll
0x5d150000 - 0x5d171000 	C:\Program Files (x86)\Arduino\java\bin\java.dll
0x10000000 - 0x10039000 	C:\Program Files (x86)\Samsung\Settings\CmdServer\WinCRT.dll
0x77030000 - 0x77075000 	C:\Windows\SYSTEM32\SHLWAPI.dll
0x771e0000 - 0x77275000 	C:\Windows\SYSTEM32\OLEAUT32.dll
0x73ff0000 - 0x74057000 	C:\Windows\SYSTEM32\WINSPOOL.DRV
0x73fd0000 - 0x73feb000 	C:\Windows\SYSTEM32\bcrypt.dll
0x60930000 - 0x60943000 	C:\Program Files (x86)\Arduino\java\bin\zip.dll
0x76c00000 - 0x76c0c000 	C:\Windows\SYSTEM32\kernel.appcore.dll
0x75370000 - 0x7676e000 	C:\Windows\SYSTEM32\SHELL32.dll
0x745f0000 - 0x74aea000 	C:\Windows\SYSTEM32\windows.storage.dll
0x752e0000 - 0x7536d000 	C:\Windows\SYSTEM32\shcore.dll
0x76c30000 - 0x76c74000 	C:\Windows\SYSTEM32\powrprof.dll
0x75120000 - 0x7512f000 	C:\Windows\SYSTEM32\profapi.dll
0x770f0000 - 0x771db000 	C:\Windows\SYSTEM32\ole32.dll
0x75130000 - 0x751b4000 	C:\Windows\SYSTEM32\clbcatq.dll
0x5c4c0000 - 0x5c605000 	C:\Program Files (x86)\Arduino\java\bin\awt.dll
0x74340000 - 0x743d2000 	C:\Windows\system32\apphelp.dll
0x73c00000 - 0x73c1d000 	C:\Windows\system32\dwmapi.dll
0x61740000 - 0x6176c000 	C:\Program Files (x86)\Arduino\lib\listSerialsj.dll
0x74b30000 - 0x74f3b000 	C:\Windows\SYSTEM32\SETUPAPI.dll
0x68c10000 - 0x68c23000 	C:\Windows\SYSTEM32\CRYPTSP.dll
0x66490000 - 0x664bf000 	C:\Windows\system32\rsaenh.dll
0x74080000 - 0x74099000 	C:\Windows\SYSTEM32\USERENV.dll
0x5c650000 - 0x5c666000 	C:\Program Files (x86)\Arduino\java\bin\net.dll
0x6e820000 - 0x6e86f000 	C:\Windows\system32\mswsock.dll
0x734f0000 - 0x7351f000 	C:\Windows\SYSTEM32\IPHLPAPI.DLL
0x76c10000 - 0x76c17000 	C:\Windows\SYSTEM32\NSI.dll
0x734d0000 - 0x734e3000 	C:\Windows\SYSTEM32\dhcpcsvc6.DLL
0x734b0000 - 0x734c4000 	C:\Windows\SYSTEM32\dhcpcsvc.DLL
0x5c640000 - 0x5c64f000 	C:\Program Files (x86)\Arduino\java\bin\nio.dll
0x06800000 - 0x0683d000 	C:\Users\Nuno\AppData\Local\Temp\jna-2439656\jna4879373063323796043.dll
0x5c480000 - 0x5c4b9000 	C:\Program Files (x86)\Arduino\java\bin\fontmanager.dll
0x5c440000 - 0x5c472000 	C:\Program Files (x86)\Arduino\java\bin\t2k.dll
0x70bb0000 - 0x70bd2000 	C:\Windows\SYSTEM32\DEVOBJ.dll
0x77080000 - 0x770c2000 	C:\Windows\SYSTEM32\WINTRUST.dll
0x76c20000 - 0x76c2e000 	C:\Windows\SYSTEM32\MSASN1.dll
0x767d0000 - 0x76949000 	C:\Windows\SYSTEM32\CRYPT32.dll
0x6e870000 - 0x6e8f4000 	C:\Windows\SYSTEM32\DNSAPI.dll
0x6c350000 - 0x6c358000 	C:\Windows\System32\rasadhlp.dll
0x68b00000 - 0x68b47000 	C:\Windows\System32\fwpuclnt.dll
0x5c3d0000 - 0x5c439000 	C:\Program Files (x86)\Arduino\msvcp100.dll
0x5c310000 - 0x5c3ce000 	C:\Program Files (x86)\Arduino\msvcr100.dll
0x07c80000 - 0x07cb2000 	C:\Program Files (x86)\Arduino\lib\AStylej.dll
0x5ba30000 - 0x5ba54000 	C:\Program Files (x86)\Arduino\java\bin\dcpr.dll
0x704c0000 - 0x70633000 	C:\Windows\SYSTEM32\WindowsCodecs.dll
0x6c5a0000 - 0x6c5e1000 	C:\Windows\system32\dataexchange.dll
0x6e230000 - 0x6e44a000 	C:\Windows\system32\d3d11.dll
0x6c5f0000 - 0x6c697000 	C:\Windows\system32\dcomp.dll
0x6e1a0000 - 0x6e222000 	C:\Windows\system32\dxgi.dll
0x70120000 - 0x701ee000 	C:\Windows\system32\twinapi.appcore.dll
0x6e930000 - 0x6ea6f000 	C:\Windows\SYSTEM32\dbghelp.dll

VM Arguments:
jvm_args: -Dsun.java2d.d3d=false -Djna.nosys=true -DAPP_DIR=C:\Program Files (x86)\Arduino -Xms128M -Xmx512M 
java_command: processing.app.Base C:\Users\Nuno\Dropbox\PixelsCamp2016-SlotCar\HW\Arduino_Nuno\slot_car_ctrl\slot_car_ctrl.ino
java_class_path (initial): C:\Program Files (x86)\Arduino\lib\apple.jar;C:\Program Files (x86)\Arduino\lib\arduino-core.jar;C:\Program Files (x86)\Arduino\lib\batik-1.8.jar;C:\Program Files (x86)\Arduino\lib\batik-anim-1.8.jar;C:\Program Files (x86)\Arduino\lib\batik-awt-util-1.8.jar;C:\Program Files (x86)\Arduino\lib\batik-bridge-1.8.jar;C:\Program Files (x86)\Arduino\lib\batik-codec-1.8.jar;C:\Program Files (x86)\Arduino\lib\batik-css-1.8.jar;C:\Program Files (x86)\Arduino\lib\batik-dom-1.8.jar;C:\Program Files (x86)\Arduino\lib\batik-ext-1.8.jar;C:\Program Files (x86)\Arduino\lib\batik-gvt-1.8.jar;C:\Program Files (x86)\Arduino\lib\batik-parser-1.8.jar;C:\Program Files (x86)\Arduino\lib\batik-rasterizer-1.8.jar;C:\Program Files (x86)\Arduino\lib\batik-script-1.8.jar;C:\Program Files (x86)\Arduino\lib\batik-squiggle-1.8.jar;C:\Program Files (x86)\Arduino\lib\batik-svg-dom-1.8.jar;C:\Program Files (x86)\Arduino\lib\batik-svgpp-1.8.jar;C:\Program Files (x86)\Arduino\lib\batik-transcoder-1.8.jar;C:\Program Files (x86)\Arduino\lib\batik-util-1.8.jar;C:\Program Files (x86)\Arduino\lib\batik-xml-1.8.jar;C:\Program Files (x86)\Arduino\lib\bcpg-jdk15on-152.jar;C:\Program Files (x86)\Arduino\lib\bcprov-jdk15on-152.jar;C:\Program Files (x86)\Arduino\lib\commons-codec-1.7.jar;C:\Program Files (x86)\Arduino\lib\commons-compress-1.8.jar;C:\Program Files (x86)\Arduino\lib\commons-exec-1.1.jar;C:\Program Files (x86)\Arduino\lib\commons-httpclient-3.1.jar;C:\Program Files (x86)\Arduino\lib\commons-lang3-3.3.2.jar;C:\Program Files (x86)\Arduino\lib\commons-logging-1.0.4.jar;C:\Program Files (x86)\Arduino\lib\commons-net-3.3.jar;C:\Program Files (x86)\Arduino\lib\jackson-annotations-2.6.3.jar;C:\Program Files (x86)\Arduino\lib\jackson-core-2.6.3.jar;C:\Program Files (x86)\Arduino\lib\jackson-databind-2.6.3.jar;C:\Program Files (x86)\Arduino\lib\jackson-module-mrbean-2.6.3.jar;C:\Program Files (x86)\Arduino\lib\java-semver-0.8.0.jar;C:\Program Files (x86)\Arduino\lib\jmdns-3.4.1.j
Launcher Type: SUN_STANDARD

Environment Variables:
PATH=C:\Windows\system32;C:\Windows;C:\Windows\System32\Wbem;C:\Windows\System32\WindowsPowerShell\v1.0\;C:\Program Files (x86)\ATI Technologies\ATI.ACE\Core-Static;C:\Program Files (x86)\Skype\Phone\;C:\Program Files\Crucial\Crucial Storage Executive;C:\Program Files (x86)\Arduino\java\bin
USERNAME=Nuno
OS=Windows_NT
PROCESSOR_IDENTIFIER=Intel64 Family 6 Model 42 Stepping 7, GenuineIntel



---------------  S Y S T E M  ---------------

OS: Windows 10.0 , 64 bit Build 10586 (10.0.10586.589)

CPU:total 4 (2 cores per cpu, 2 threads per core) family 6 model 42 stepping 7, cmov, cx8, fxsr, mmx, sse, sse2, sse3, ssse3, sse4.1, sse4.2, popcnt, avx, aes, clmul, ht, tsc, tscinvbit

Memory: 4k page, physical 6183156k(2895456k free), swap 7166196k(3412752k free)

vm_info: Java HotSpot(TM) Client VM (25.92-b14) for windows-x86 JRE (1.8.0_92-b14), built on Mar 31 2016 21:09:21 by "java_re" with MS VC++ 10.0 (VS2010)

time: Fri Oct 07 21:58:10 2016
elapsed time: 264 seconds (0d 0h 4m 24s)

