#
# A fatal error has been detected by the Java Runtime Environment:
#
#  EXCEPTION_ACCESS_VIOLATION (0xc0000005) at pc=0x617493cd, pid=7628, tid=0x00000f80
#
# JRE version: Java(TM) SE Runtime Environment (8.0_92-b14) (build 1.8.0_92-b14)
# Java VM: Java HotSpot(TM) Client VM (25.92-b14 mixed mode windows-x86 )
# Problematic frame:
# C  [listSerialsj.dll+0x93cd]
#
# Failed to write core dump. Minidumps are not enabled by default on client versions of Windows
#
# If you would like to submit a bug report, please visit:
#   http://bugreport.java.com/bugreport/crash.jsp
# The crash happened outside the Java Virtual Machine in native code.
# See problematic frame for where to report the bug.
#

---------------  T H R E A D  ---------------

Current thread (0x07354c00):  JavaThread "cc.arduino.packages.discoverers.serial.SerialBoardsLister" [_thread_in_native, id=3968, stack(0x032d0000,0x03320000)]

siginfo: ExceptionCode=0xc0000005, writing address 0x00000000

Registers:
EAX=0x00000000, EBX=0x0000058c, ECX=0x00000000, EDX=0x00000001
ESP=0x0331f000, EBP=0x0331f458, ESI=0x00000001, EDI=0x0160a060
EIP=0x617493cd, EFLAGS=0x00010246

Top of Stack: (sp=0x0331f000)
0x0331f000:   01838a08 0000002e 00000002 00000000
0x0331f010:   00000003 00000000 00000000 00000066
0x0331f020:   0331f040 073220a0 0000006e 74b5a540
0x0331f030:   01838ec8 00000139 015f4a60 00000007
0x0331f040:   00000066 00000000 0000007d 00000002
0x0331f050:   00000001 0000006e 00000031 fffffffe
0x0331f060:   0331f1d0 77725992 364d4f43 0031f000
0x0331f070:   00425355 c0000139 00000009 77725a0f 

Instructions: (pc=0x617493cd)
0x617493ad:   8b 45 08 8b 90 94 00 00 00 85 d2 74 16 8b 40 2c
0x617493bd:   c7 44 24 04 2e 00 00 00 89 04 24 e8 73 14 00 00
0x617493cd:   c6 00 00 8d 85 04 fc ff ff 89 44 24 18 8d 85 0a
0x617493dd:   fc ff ff 89 44 24 10 a1 e4 01 75 61 c7 85 04 fc 


Register to memory mapping:

EAX=0x00000000 is an unknown value
EBX=0x0000058c is an unknown value
ECX=0x00000000 is an unknown value
EDX=0x00000001 is an unknown value
ESP=0x0331f000 is pointing into the stack for thread: 0x07354c00
EBP=0x0331f458 is pointing into the stack for thread: 0x07354c00
ESI=0x00000001 is an unknown value
EDI=0x0160a060 is an unknown value


Stack: [0x032d0000,0x03320000],  sp=0x0331f000,  free space=316k
Native frames: (J=compiled Java code, j=interpreted, Vv=VM code, C=native code)
C  [listSerialsj.dll+0x93cd]
C  [listSerialsj.dll+0x2211]

Java frames: (J=compiled Java code, j=interpreted, Vv=VM code)
j  processing.app.Platform.listSerialsNative()[Ljava/lang/String;+0
j  processing.app.Platform.listSerials()Ljava/util/List;+5
j  cc.arduino.packages.discoverers.serial.SerialBoardsLister.retriggerDiscovery(Z)V+22
j  cc.arduino.packages.discoverers.serial.SerialBoardsLister.run()V+9
j  java.util.TimerThread.mainLoop()V+221
j  java.util.TimerThread.run()V+1
v  ~StubRoutines::call_stub

---------------  P R O C E S S  ---------------

Java Threads: ( => current thread )
  0x07355800 JavaThread "cc.arduino.packages.discoverers.network.BoardReachabilityFilter" [_thread_in_vm, id=1272, stack(0x07cd0000,0x07d20000)]
  0x07355000 JavaThread "cc.arduino.packages.discoverers.network.NetworkChecker" [_thread_in_native, id=5292, stack(0x06a20000,0x06a70000)]
=>0x07354c00 JavaThread "cc.arduino.packages.discoverers.serial.SerialBoardsLister" [_thread_in_native, id=3968, stack(0x032d0000,0x03320000)]
  0x06586c00 JavaThread "AWT-Windows" daemon [_thread_in_native, id=3196, stack(0x06ab0000,0x06b00000)]
  0x06585c00 JavaThread "Java2D Disposer" daemon [_thread_blocked, id=3796, stack(0x06990000,0x069e0000)]
  0x05d96c00 JavaThread "Service Thread" daemon [_thread_blocked, id=2736, stack(0x06370000,0x063c0000)]
  0x05d9b400 JavaThread "C1 CompilerThread0" daemon [_thread_blocked, id=7356, stack(0x062e0000,0x06330000)]
  0x05d99800 JavaThread "Attach Listener" daemon [_thread_blocked, id=6788, stack(0x06250000,0x062a0000)]
  0x05d97800 JavaThread "Signal Dispatcher" daemon [_thread_blocked, id=7860, stack(0x061c0000,0x06210000)]
  0x05d7a000 JavaThread "Finalizer" daemon [_thread_blocked, id=2600, stack(0x06030000,0x06080000)]
  0x05d64400 JavaThread "Reference Handler" daemon [_thread_blocked, id=7384, stack(0x05fa0000,0x05ff0000)]
  0x0149d400 JavaThread "main" [_thread_in_native, id=5636, stack(0x03110000,0x03160000)]

Other Threads:
  0x0305d400 VMThread [stack: 0x05d10000,0x05d60000] [id=1412]
  0x05dc3800 WatcherThread [stack: 0x06400000,0x06450000] [id=2332]

VM state:not at safepoint (normal execution)

VM Mutex/Monitor currently owned by a thread: None

Heap:
 def new generation   total 39296K, used 26301K [0x10200000, 0x12ca0000, 0x1aca0000)
  eden space 34944K,  62% used [0x10200000, 0x1176f760, 0x12420000)
  from space 4352K, 100% used [0x12860000, 0x12ca0000, 0x12ca0000)
  to   space 4352K,   0% used [0x12420000, 0x12420000, 0x12860000)
 tenured generation   total 87424K, used 2792K [0x1aca0000, 0x20200000, 0x30200000)
   the space 87424K,   3% used [0x1aca0000, 0x1af5a2f0, 0x1af5a400, 0x20200000)
 Metaspace       used 10498K, capacity 10838K, committed 10880K, reserved 11648K

Card table byte_map: [0x056f0000,0x05800000] byte_map_base: 0x0566f000

Polling page: 0x01580000

CodeCache: size=32768Kb used=1521Kb max_used=1521Kb free=31246Kb
 bounds [0x03670000, 0x037f0000, 0x05670000]
 total_blobs=895 nmethods=655 adapters=171
 compilation: enabled

Compilation events (10 events):
Event: 3.383 Thread 0x05d9b400  654             java.util.stream.ReferencePipeline$2$1::accept (27 bytes)
Event: 3.383 Thread 0x05d9b400 nmethod 654 0x037e9488 code [0x037e95a0, 0x037e9678]
Event: 3.383 Thread 0x05d9b400  655             java.util.Arrays$ArrayList::contains (15 bytes)
Event: 3.383 Thread 0x05d9b400 nmethod 655 0x037e9708 code [0x037e9800, 0x037e98ac]
Event: 3.383 Thread 0x05d9b400  656             cc.arduino.contributions.libraries.LibrariesIndexer$$Lambda$24/31693939::test (8 bytes)
Event: 3.384 Thread 0x05d9b400 nmethod 656 0x037e9908 code [0x037e9a10, 0x037e9acc]
Event: 3.384 Thread 0x05d9b400  657             cc.arduino.contributions.libraries.LibrariesIndexer::lambda$parseIndex$0 (40 bytes)
Event: 3.384 Thread 0x05d9b400 nmethod 657 0x037e9b48 code [0x037e9c80, 0x037e9dbc]
Event: 3.391 Thread 0x05d9b400  658             java.util.BitSet::get (69 bytes)
Event: 3.392 Thread 0x05d9b400 nmethod 658 0x037e9ec8 code [0x037ea010, 0x037ea32c]

GC Heap History (2 events):
Event: 2.923 GC heap before
{Heap before GC invocations=0 (full 0):
 def new generation   total 39296K, used 34944K [0x10200000, 0x12ca0000, 0x1aca0000)
  eden space 34944K, 100% used [0x10200000, 0x12420000, 0x12420000)
  from space 4352K,   0% used [0x12420000, 0x12420000, 0x12860000)
  to   space 4352K,   0% used [0x12860000, 0x12860000, 0x12ca0000)
 tenured generation   total 87424K, used 0K [0x1aca0000, 0x20200000, 0x30200000)
   the space 87424K,   0% used [0x1aca0000, 0x1aca0000, 0x1aca0200, 0x20200000)
 Metaspace       used 9663K, capacity 9862K, committed 9984K, reserved 10624K
Event: 2.940 GC heap after
Heap after GC invocations=1 (full 0):
 def new generation   total 39296K, used 4352K [0x10200000, 0x12ca0000, 0x1aca0000)
  eden space 34944K,   0% used [0x10200000, 0x10200000, 0x12420000)
  from space 4352K, 100% used [0x12860000, 0x12ca0000, 0x12ca0000)
  to   space 4352K,   0% used [0x12420000, 0x12420000, 0x12860000)
 tenured generation   total 87424K, used 2792K [0x1aca0000, 0x20200000, 0x30200000)
   the space 87424K,   3% used [0x1aca0000, 0x1af5a2f0, 0x1af5a400, 0x20200000)
 Metaspace       used 9663K, capacity 9862K, committed 9984K, reserved 10624K
}

Deoptimization events (0 events):
No events

Internal exceptions (10 events):
Event: 3.301 Thread 0x0149d400 Exception <a 'java/lang/ArrayIndexOutOfBoundsException'> (0x111b9110) thrown at [C:\workspace\8-2-build-windows-i586-cygwin\jdk8u92\6642\hotspot\src\share\vm\runtime\sharedRuntime.cpp, line 605]
Event: 3.301 Thread 0x0149d400 Exception <a 'java/lang/ArrayIndexOutOfBoundsException'> (0x111bbc18) thrown at [C:\workspace\8-2-build-windows-i586-cygwin\jdk8u92\6642\hotspot\src\share\vm\runtime\sharedRuntime.cpp, line 605]
Event: 3.302 Thread 0x0149d400 Exception <a 'java/lang/ArrayIndexOutOfBoundsException'> (0x111c2d98) thrown at [C:\workspace\8-2-build-windows-i586-cygwin\jdk8u92\6642\hotspot\src\share\vm\runtime\sharedRuntime.cpp, line 605]
Event: 3.302 Thread 0x0149d400 Exception <a 'java/lang/ArrayIndexOutOfBoundsException'> (0x111c51a8) thrown at [C:\workspace\8-2-build-windows-i586-cygwin\jdk8u92\6642\hotspot\src\share\vm\runtime\sharedRuntime.cpp, line 605]
Event: 3.303 Thread 0x0149d400 Exception <a 'java/lang/ArrayIndexOutOfBoundsException'> (0x111c9df8) thrown at [C:\workspace\8-2-build-windows-i586-cygwin\jdk8u92\6642\hotspot\src\share\vm\runtime\sharedRuntime.cpp, line 605]
Event: 3.308 Thread 0x0149d400 Exception <a 'java/lang/ArrayIndexOutOfBoundsException'> (0x111e29b8) thrown at [C:\workspace\8-2-build-windows-i586-cygwin\jdk8u92\6642\hotspot\src\share\vm\runtime\sharedRuntime.cpp, line 605]
Event: 3.308 Thread 0x0149d400 Exception <a 'java/lang/ArrayIndexOutOfBoundsException'> (0x111e3b68) thrown at [C:\workspace\8-2-build-windows-i586-cygwin\jdk8u92\6642\hotspot\src\share\vm\runtime\sharedRuntime.cpp, line 605]
Event: 3.309 Thread 0x0149d400 Exception <a 'java/lang/ArrayIndexOutOfBoundsException'> (0x111e5528) thrown at [C:\workspace\8-2-build-windows-i586-cygwin\jdk8u92\6642\hotspot\src\share\vm\runtime\sharedRuntime.cpp, line 605]
Event: 3.310 Thread 0x0149d400 Exception <a 'java/lang/ArrayIndexOutOfBoundsException'> (0x111e93e0) thrown at [C:\workspace\8-2-build-windows-i586-cygwin\jdk8u92\6642\hotspot\src\share\vm\runtime\sharedRuntime.cpp, line 605]
Event: 3.311 Thread 0x0149d400 Exception <a 'java/lang/ArrayIndexOutOfBoundsException'> (0x111ec318) thrown at [C:\workspace\8-2-build-windows-i586-cygwin\jdk8u92\6642\hotspot\src\share\vm\runtime\sharedRuntime.cpp, line 605]

Events (10 events):
Event: 3.400 loading class java/awt/event/ContainerListener done
Event: 3.401 loading class java/awt/event/KeyListener
Event: 3.401 loading class java/awt/event/KeyListener done
Event: 3.401 loading class java/awt/event/MouseMotionListener
Event: 3.401 loading class java/awt/event/MouseMotionListener done
Event: 3.401 loading class java/awt/event/WindowListener
Event: 3.401 loading class java/awt/event/WindowListener done
Event: 3.401 loading class java/awt/event/WindowFocusListener
Event: 3.401 loading class java/awt/event/WindowFocusListener done
Event: 3.401 loading class java/awt/event/WindowStateListener


Dynamic libraries:
0x012f0000 - 0x01323000 	C:\Program Files (x86)\Arduino\java\bin\javaw.exe
0x776c0000 - 0x7783b000 	C:\Windows\SYSTEM32\ntdll.dll
0x77330000 - 0x77410000 	C:\Windows\SYSTEM32\KERNEL32.DLL
0x74f90000 - 0x7510e000 	C:\Windows\SYSTEM32\KERNELBASE.dll
0x76ca0000 - 0x76d1b000 	C:\Windows\SYSTEM32\ADVAPI32.dll
0x751c0000 - 0x7527e000 	C:\Windows\SYSTEM32\msvcrt.dll
0x74f40000 - 0x74f84000 	C:\Windows\SYSTEM32\sechost.dll
0x77410000 - 0x774bd000 	C:\Windows\SYSTEM32\RPCRT4.dll
0x743f0000 - 0x7440e000 	C:\Windows\SYSTEM32\SspiCli.dll
0x743e0000 - 0x743ea000 	C:\Windows\SYSTEM32\CRYPTBASE.dll
0x76770000 - 0x767c8000 	C:\Windows\SYSTEM32\bcryptPrimitives.dll
0x76ee0000 - 0x77027000 	C:\Windows\SYSTEM32\USER32.dll
0x76950000 - 0x76a9f000 	C:\Windows\SYSTEM32\GDI32.dll
0x71f40000 - 0x7214f000 	C:\Windows\WinSxS\x86_microsoft.windows.common-controls_6595b64144ccf1df_6.0.10586.589_none_ea8aeaa1b9b5d5d4\COMCTL32.dll
0x76d20000 - 0x76edd000 	C:\Windows\SYSTEM32\combase.dll
0x77520000 - 0x7754b000 	C:\Windows\SYSTEM32\IMM32.DLL
0x5c6b0000 - 0x5c76f000 	C:\Program Files (x86)\Arduino\java\bin\msvcr100.dll
0x5ba60000 - 0x5be2b000 	C:\Program Files (x86)\Arduino\java\bin\client\jvm.dll
0x77280000 - 0x77286000 	C:\Windows\SYSTEM32\PSAPI.DLL
0x70410000 - 0x70418000 	C:\Windows\SYSTEM32\WSOCK32.dll
0x73c90000 - 0x73cb4000 	C:\Windows\SYSTEM32\WINMM.dll
0x71c40000 - 0x71c48000 	C:\Windows\SYSTEM32\VERSION.dll
0x75280000 - 0x752df000 	C:\Windows\SYSTEM32\WS2_32.dll
0x73c60000 - 0x73c83000 	C:\Windows\SYSTEM32\WINMMBASE.dll
0x74af0000 - 0x74b27000 	C:\Windows\SYSTEM32\cfgmgr32.dll
0x5c670000 - 0x5c6a1000 	C:\Program Files (x86)\Arduino\java\bin\splashscreen.dll
0x73e90000 - 0x73f05000 	C:\Windows\system32\uxtheme.dll
0x609a0000 - 0x609ac000 	C:\Program Files (x86)\Arduino\java\bin\verify.dll
0x744d0000 - 0x745ef000 	C:\Windows\SYSTEM32\MSCTF.dll
0x5d150000 - 0x5d171000 	C:\Program Files (x86)\Arduino\java\bin\java.dll
0x10000000 - 0x10039000 	C:\Program Files (x86)\Samsung\Settings\CmdServer\WinCRT.dll
0x77030000 - 0x77075000 	C:\Windows\SYSTEM32\SHLWAPI.dll
0x73ff0000 - 0x74057000 	C:\Windows\SYSTEM32\WINSPOOL.DRV
0x771e0000 - 0x77275000 	C:\Windows\SYSTEM32\OLEAUT32.dll
0x73fd0000 - 0x73feb000 	C:\Windows\SYSTEM32\bcrypt.dll
0x60930000 - 0x60943000 	C:\Program Files (x86)\Arduino\java\bin\zip.dll
0x76c00000 - 0x76c0c000 	C:\Windows\SYSTEM32\kernel.appcore.dll
0x75370000 - 0x7676e000 	C:\Windows\SYSTEM32\SHELL32.dll
0x745f0000 - 0x74aea000 	C:\Windows\SYSTEM32\windows.storage.dll
0x752e0000 - 0x7536d000 	C:\Windows\SYSTEM32\shcore.dll
0x76c30000 - 0x76c74000 	C:\Windows\SYSTEM32\powrprof.dll
0x75120000 - 0x7512f000 	C:\Windows\SYSTEM32\profapi.dll
0x770f0000 - 0x771db000 	C:\Windows\SYSTEM32\ole32.dll
0x75130000 - 0x751b4000 	C:\Windows\SYSTEM32\clbcatq.dll
0x5c4c0000 - 0x5c605000 	C:\Program Files (x86)\Arduino\java\bin\awt.dll
0x74340000 - 0x743d2000 	C:\Windows\system32\apphelp.dll
0x73c00000 - 0x73c1d000 	C:\Windows\system32\dwmapi.dll
0x61740000 - 0x6176c000 	C:\Program Files (x86)\Arduino\lib\listSerialsj.dll
0x74b30000 - 0x74f3b000 	C:\Windows\SYSTEM32\SETUPAPI.dll
0x68c10000 - 0x68c23000 	C:\Windows\SYSTEM32\CRYPTSP.dll
0x66490000 - 0x664bf000 	C:\Windows\system32\rsaenh.dll
0x74080000 - 0x74099000 	C:\Windows\SYSTEM32\USERENV.dll
0x5c650000 - 0x5c666000 	C:\Program Files (x86)\Arduino\java\bin\net.dll
0x6e820000 - 0x6e86f000 	C:\Windows\system32\mswsock.dll
0x734f0000 - 0x7351f000 	C:\Windows\SYSTEM32\IPHLPAPI.DLL
0x76c10000 - 0x76c17000 	C:\Windows\SYSTEM32\NSI.dll
0x734d0000 - 0x734e3000 	C:\Windows\SYSTEM32\dhcpcsvc6.DLL
0x734b0000 - 0x734c4000 	C:\Windows\SYSTEM32\dhcpcsvc.DLL
0x5c640000 - 0x5c64f000 	C:\Program Files (x86)\Arduino\java\bin\nio.dll
0x06bc0000 - 0x06bfd000 	C:\Users\Nuno\AppData\Local\Temp\jna-2439656\jna4087615298192273195.dll
0x5c480000 - 0x5c4b9000 	C:\Program Files (x86)\Arduino\java\bin\fontmanager.dll
0x5c440000 - 0x5c472000 	C:\Program Files (x86)\Arduino\java\bin\t2k.dll
0x70bb0000 - 0x70bd2000 	C:\Windows\SYSTEM32\DEVOBJ.dll
0x77080000 - 0x770c2000 	C:\Windows\SYSTEM32\WINTRUST.dll
0x76c20000 - 0x76c2e000 	C:\Windows\SYSTEM32\MSASN1.dll
0x767d0000 - 0x76949000 	C:\Windows\SYSTEM32\CRYPT32.dll
0x6e930000 - 0x6ea6f000 	C:\Windows\SYSTEM32\dbghelp.dll

VM Arguments:
jvm_args: -Dsun.java2d.d3d=false -Djna.nosys=true -DAPP_DIR=C:\Program Files (x86)\Arduino -Xms128M -Xmx512M 
java_command: processing.app.Base C:\Users\Nuno\Dropbox\PixelsCamp2016-SlotCar\HW\Arduino_Nuno\slot_car_ctrl\slot_car_ctrl.ino
java_class_path (initial): C:\Program Files (x86)\Arduino\lib\apple.jar;C:\Program Files (x86)\Arduino\lib\arduino-core.jar;C:\Program Files (x86)\Arduino\lib\batik-1.8.jar;C:\Program Files (x86)\Arduino\lib\batik-anim-1.8.jar;C:\Program Files (x86)\Arduino\lib\batik-awt-util-1.8.jar;C:\Program Files (x86)\Arduino\lib\batik-bridge-1.8.jar;C:\Program Files (x86)\Arduino\lib\batik-codec-1.8.jar;C:\Program Files (x86)\Arduino\lib\batik-css-1.8.jar;C:\Program Files (x86)\Arduino\lib\batik-dom-1.8.jar;C:\Program Files (x86)\Arduino\lib\batik-ext-1.8.jar;C:\Program Files (x86)\Arduino\lib\batik-gvt-1.8.jar;C:\Program Files (x86)\Arduino\lib\batik-parser-1.8.jar;C:\Program Files (x86)\Arduino\lib\batik-rasterizer-1.8.jar;C:\Program Files (x86)\Arduino\lib\batik-script-1.8.jar;C:\Program Files (x86)\Arduino\lib\batik-squiggle-1.8.jar;C:\Program Files (x86)\Arduino\lib\batik-svg-dom-1.8.jar;C:\Program Files (x86)\Arduino\lib\batik-svgpp-1.8.jar;C:\Program Files (x86)\Arduino\lib\batik-transcoder-1.8.jar;C:\Program Files (x86)\Arduino\lib\batik-util-1.8.jar;C:\Program Files (x86)\Arduino\lib\batik-xml-1.8.jar;C:\Program Files (x86)\Arduino\lib\bcpg-jdk15on-152.jar;C:\Program Files (x86)\Arduino\lib\bcprov-jdk15on-152.jar;C:\Program Files (x86)\Arduino\lib\commons-codec-1.7.jar;C:\Program Files (x86)\Arduino\lib\commons-compress-1.8.jar;C:\Program Files (x86)\Arduino\lib\commons-exec-1.1.jar;C:\Program Files (x86)\Arduino\lib\commons-httpclient-3.1.jar;C:\Program Files (x86)\Arduino\lib\commons-lang3-3.3.2.jar;C:\Program Files (x86)\Arduino\lib\commons-logging-1.0.4.jar;C:\Program Files (x86)\Arduino\lib\commons-net-3.3.jar;C:\Program Files (x86)\Arduino\lib\jackson-annotations-2.6.3.jar;C:\Program Files (x86)\Arduino\lib\jackson-core-2.6.3.jar;C:\Program Files (x86)\Arduino\lib\jackson-databind-2.6.3.jar;C:\Program Files (x86)\Arduino\lib\jackson-module-mrbean-2.6.3.jar;C:\Program Files (x86)\Arduino\lib\java-semver-0.8.0.jar;C:\Program Files (x86)\Arduino\lib\jmdns-3.4.1.j
Launcher Type: SUN_STANDARD

Environment Variables:
PATH=C:\Windows\system32;C:\Windows;C:\Windows\System32\Wbem;C:\Windows\System32\WindowsPowerShell\v1.0\;C:\Program Files (x86)\ATI Technologies\ATI.ACE\Core-Static;C:\Program Files (x86)\Skype\Phone\;C:\Program Files\Crucial\Crucial Storage Executive;C:\Program Files (x86)\Arduino\java\bin
USERNAME=Nuno
OS=Windows_NT
PROCESSOR_IDENTIFIER=Intel64 Family 6 Model 42 Stepping 7, GenuineIntel



---------------  S Y S T E M  ---------------

OS: Windows 10.0 , 64 bit Build 10586 (10.0.10586.589)

CPU:total 4 (2 cores per cpu, 2 threads per core) family 6 model 42 stepping 7, cmov, cx8, fxsr, mmx, sse, sse2, sse3, ssse3, sse4.1, sse4.2, popcnt, avx, aes, clmul, ht, tsc, tscinvbit

Memory: 4k page, physical 6183156k(2937316k free), swap 7166196k(3412172k free)

vm_info: Java HotSpot(TM) Client VM (25.92-b14) for windows-x86 JRE (1.8.0_92-b14), built on Mar 31 2016 21:09:21 by "java_re" with MS VC++ 10.0 (VS2010)

time: Fri Oct 07 23:58:01 2016
elapsed time: 3 seconds (0d 0h 0m 3s)

